The instance : 2_50_10_10
#########################
New solution cost
13382523
Old best cost
1000000000
New best cost
13382523
#########################
New solution cost
11612654
Old best cost
13382523
New best cost
11612654
#########################
New solution cost
9021460
Old best cost
11612654
New best cost
9021460
#########################
New solution cost
8895556
Old best cost
9021460
New best cost
8895556
#########################
New solution cost
8551042
Old best cost
8895556
New best cost
8551042
#########################
New solution cost
8120491
Old best cost
8551042
New best cost
8120491
#########################
New solution cost
8092016
Old best cost
8120491
New best cost
8092016
#########################
New solution cost
7977564
Old best cost
8092016
New best cost
7977564
#########################
New solution cost
7948647
Old best cost
7977564
New best cost
7948647
#########################
New solution cost
7928800
Old best cost
7948647
New best cost
7928800
#########################
New solution cost
7903630
Old best cost
7928800
New best cost
7903630
#########################
New solution cost
7782491
Old best cost
7903630
New best cost
7782491
And the cost is 
7782491The instance : 2_50_10_20
#########################
New solution cost
11930488
Old best cost
1000000000
New best cost
11930488
#########################
New solution cost
10323751
Old best cost
11930488
New best cost
10323751
#########################
New solution cost
9959391
Old best cost
10323751
New best cost
9959391
#########################
New solution cost
8530718
Old best cost
9959391
New best cost
8530718
#########################
New solution cost
8127529
Old best cost
8530718
New best cost
8127529
#########################
New solution cost
8048830
Old best cost
8127529
New best cost
8048830
#########################
New solution cost
8028799
Old best cost
8048830
New best cost
8028799
#########################
New solution cost
7898019
Old best cost
8028799
New best cost
7898019
#########################
New solution cost
7846807
Old best cost
7898019
New best cost
7846807
#########################
New solution cost
7769641
Old best cost
7846807
New best cost
7769641
And the cost is 
7769641The instance : 2_50_10_40
#########################
New solution cost
11585153
Old best cost
1000000000
New best cost
11585153
#########################
New solution cost
9059108
Old best cost
11585153
New best cost
9059108
#########################
New solution cost
8581211
Old best cost
9059108
New best cost
8581211
#########################
New solution cost
8509203
Old best cost
8581211
New best cost
8509203
#########################
New solution cost
8248218
Old best cost
8509203
New best cost
8248218
And the cost is 
8248218The instance : 2_50_10_80
#########################
New solution cost
12997151
Old best cost
1000000000
New best cost
12997151
#########################
New solution cost
11647174
Old best cost
12997151
New best cost
11647174
#########################
New solution cost
11217289
Old best cost
11647174
New best cost
11217289
#########################
New solution cost
10550661
Old best cost
11217289
New best cost
10550661
#########################
New solution cost
10519005
Old best cost
10550661
New best cost
10519005
#########################
New solution cost
9846673
Old best cost
10519005
New best cost
9846673
#########################
New solution cost
9587530
Old best cost
9846673
New best cost
9587530
#########################
New solution cost
9259657
Old best cost
9587530
New best cost
9259657
And the cost is 
9259657The instance : 2_50_5_10
#########################
New solution cost
8390343
Old best cost
1000000000
New best cost
8390343
#########################
New solution cost
6260842
Old best cost
8390343
New best cost
6260842
#########################
New solution cost
6245812
Old best cost
6260842
New best cost
6245812
#########################
New solution cost
6179010
Old best cost
6245812
New best cost
6179010
#########################
New solution cost
6011049
Old best cost
6179010
New best cost
6011049
#########################
New solution cost
5865160
Old best cost
6011049
New best cost
5865160
#########################
New solution cost
5689702
Old best cost
5865160
New best cost
5689702
#########################
New solution cost
5600606
Old best cost
5689702
New best cost
5600606
And the cost is 
5600606The instance : 2_50_5_20
#########################
New solution cost
8156558
Old best cost
1000000000
New best cost
8156558
#########################
New solution cost
7074013
Old best cost
8156558
New best cost
7074013
#########################
New solution cost
6761337
Old best cost
7074013
New best cost
6761337
#########################
New solution cost
6229978
Old best cost
6761337
New best cost
6229978
#########################
New solution cost
6195664
Old best cost
6229978
New best cost
6195664
#########################
New solution cost
5992196
Old best cost
6195664
New best cost
5992196
#########################
New solution cost
5935287
Old best cost
5992196
New best cost
5935287
#########################
New solution cost
5781575
Old best cost
5935287
New best cost
5781575
#########################
New solution cost
5646332
Old best cost
5781575
New best cost
5646332
And the cost is 
5646332The instance : 2_50_5_40
#########################
New solution cost
8817561
Old best cost
1000000000
New best cost
8817561
#########################
New solution cost
8211514
Old best cost
8817561
New best cost
8211514
#########################
New solution cost
7385473
Old best cost
8211514
New best cost
7385473
#########################
New solution cost
6535092
Old best cost
7385473
New best cost
6535092
#########################
New solution cost
6512419
Old best cost
6535092
New best cost
6512419
#########################
New solution cost
6300897
Old best cost
6512419
New best cost
6300897
#########################
New solution cost
6214247
Old best cost
6300897
New best cost
6214247
#########################
New solution cost
6164297
Old best cost
6214247
New best cost
6164297
#########################
New solution cost
6127511
Old best cost
6164297
New best cost
6127511
And the cost is 
6127511The instance : 2_50_5_80
#########################
New solution cost
12925546
Old best cost
1000000000
New best cost
12925546
#########################
New solution cost
9113832
Old best cost
12925546
New best cost
9113832
#########################
New solution cost
8462493
Old best cost
9113832
New best cost
8462493
#########################
New solution cost
8446327
Old best cost
8462493
New best cost
8446327
#########################
New solution cost
7827911
Old best cost
8446327
New best cost
7827911
#########################
New solution cost
7244193
Old best cost
7827911
New best cost
7244193
#########################
New solution cost
7241962
Old best cost
7244193
New best cost
7241962
#########################
New solution cost
7232037
Old best cost
7241962
New best cost
7232037
#########################
New solution cost
6999083
Old best cost
7232037
New best cost
6999083
#########################
New solution cost
6957666
Old best cost
6999083
New best cost
6957666
And the cost is 
6957666