The instance : 5_30_10_10
#########################
New solution cost
2818651
Old best cost
1000000000
New best cost
2818651
#########################
New solution cost
2806348
Old best cost
2818651
New best cost
2806348
#########################
New solution cost
2735082
Old best cost
2806348
New best cost
2735082
#########################
New solution cost
2672942
Old best cost
2735082
New best cost
2672942
#########################
New solution cost
2650813
Old best cost
2672942
New best cost
2650813
#########################
New solution cost
2634556
Old best cost
2650813
New best cost
2634556
#########################
New solution cost
2617338
Old best cost
2634556
New best cost
2617338
#########################
New solution cost
2606505
Old best cost
2617338
New best cost
2606505
#########################
New solution cost
2605171
Old best cost
2606505
New best cost
2605171
And the cost is 
2605171The instance : 5_30_10_20
#########################
New solution cost
3540699
Old best cost
1000000000
New best cost
3540699
#########################
New solution cost
3034722
Old best cost
3540699
New best cost
3034722
#########################
New solution cost
2981215
Old best cost
3034722
New best cost
2981215
#########################
New solution cost
2908847
Old best cost
2981215
New best cost
2908847
#########################
New solution cost
2769476
Old best cost
2908847
New best cost
2769476
#########################
New solution cost
2749324
Old best cost
2769476
New best cost
2749324
#########################
New solution cost
2745551
Old best cost
2749324
New best cost
2745551
#########################
New solution cost
2734878
Old best cost
2745551
New best cost
2734878
#########################
New solution cost
2650193
Old best cost
2734878
New best cost
2650193
#########################
New solution cost
2641374
Old best cost
2650193
New best cost
2641374
#########################
New solution cost
2636653
Old best cost
2641374
New best cost
2636653
#########################
New solution cost
2632441
Old best cost
2636653
New best cost
2632441
#########################
New solution cost
2558480
Old best cost
2632441
New best cost
2558480
And the cost is 
2558480The instance : 5_30_10_40
#########################
New solution cost
3743437
Old best cost
1000000000
New best cost
3743437
#########################
New solution cost
2985746
Old best cost
3743437
New best cost
2985746
#########################
New solution cost
2760863
Old best cost
2985746
New best cost
2760863
#########################
New solution cost
2745801
Old best cost
2760863
New best cost
2745801
And the cost is 
2745801The instance : 5_30_10_80
#########################
New solution cost
4088594
Old best cost
1000000000
New best cost
4088594
#########################
New solution cost
4047584
Old best cost
4088594
New best cost
4047584
#########################
New solution cost
3896732
Old best cost
4047584
New best cost
3896732
#########################
New solution cost
3853692
Old best cost
3896732
New best cost
3853692
#########################
New solution cost
3594739
Old best cost
3853692
New best cost
3594739
#########################
New solution cost
3573588
Old best cost
3594739
New best cost
3573588
#########################
New solution cost
3557229
Old best cost
3573588
New best cost
3557229
#########################
New solution cost
3487804
Old best cost
3557229
New best cost
3487804
#########################
New solution cost
3375865
Old best cost
3487804
New best cost
3375865
#########################
New solution cost
3374081
Old best cost
3375865
New best cost
3374081
#########################
New solution cost
3288670
Old best cost
3374081
New best cost
3288670
#########################
New solution cost
3278189
Old best cost
3288670
New best cost
3278189
#########################
New solution cost
3272126
Old best cost
3278189
New best cost
3272126
#########################
New solution cost
3249668
Old best cost
3272126
New best cost
3249668
#########################
New solution cost
3125794
Old best cost
3249668
New best cost
3125794
And the cost is 
3125794The instance : 5_30_5_10
#########################
New solution cost
3003332
Old best cost
1000000000
New best cost
3003332
#########################
New solution cost
2922186
Old best cost
3003332
New best cost
2922186
#########################
New solution cost
2610618
Old best cost
2922186
New best cost
2610618
#########################
New solution cost
2604173
Old best cost
2610618
New best cost
2604173
#########################
New solution cost
2361368
Old best cost
2604173
New best cost
2361368
#########################
New solution cost
2345147
Old best cost
2361368
New best cost
2345147
#########################
New solution cost
2212163
Old best cost
2345147
New best cost
2212163
#########################
New solution cost
2138842
Old best cost
2212163
New best cost
2138842
#########################
New solution cost
2129662
Old best cost
2138842
New best cost
2129662
#########################
New solution cost
2111766
Old best cost
2129662
New best cost
2111766
#########################
New solution cost
2105810
Old best cost
2111766
New best cost
2105810
#########################
New solution cost
2101592
Old best cost
2105810
New best cost
2101592
And the cost is 
2101592The instance : 5_30_5_20
#########################
New solution cost
3268904
Old best cost
1000000000
New best cost
3268904
#########################
New solution cost
2982407
Old best cost
3268904
New best cost
2982407
#########################
New solution cost
2456824
Old best cost
2982407
New best cost
2456824
#########################
New solution cost
2364588
Old best cost
2456824
New best cost
2364588
#########################
New solution cost
2273452
Old best cost
2364588
New best cost
2273452
#########################
New solution cost
2216608
Old best cost
2273452
New best cost
2216608
#########################
New solution cost
2151757
Old best cost
2216608
New best cost
2151757
#########################
New solution cost
2131876
Old best cost
2151757
New best cost
2131876
#########################
New solution cost
2122288
Old best cost
2131876
New best cost
2122288
#########################
New solution cost
2070873
Old best cost
2122288
New best cost
2070873
And the cost is 
2070873The instance : 5_30_5_40
#########################
New solution cost
3091129
Old best cost
1000000000
New best cost
3091129
#########################
New solution cost
2976032
Old best cost
3091129
New best cost
2976032
#########################
New solution cost
2502129
Old best cost
2976032
New best cost
2502129
#########################
New solution cost
2459753
Old best cost
2502129
New best cost
2459753
#########################
New solution cost
2448386
Old best cost
2459753
New best cost
2448386
#########################
New solution cost
2433781
Old best cost
2448386
New best cost
2433781
#########################
New solution cost
2325861
Old best cost
2433781
New best cost
2325861
#########################
New solution cost
2272305
Old best cost
2325861
New best cost
2272305
#########################
New solution cost
2246550
Old best cost
2272305
New best cost
2246550
#########################
New solution cost
2205973
Old best cost
2246550
New best cost
2205973
#########################
New solution cost
2183883
Old best cost
2205973
New best cost
2183883
#########################
New solution cost
2142164
Old best cost
2183883
New best cost
2142164
And the cost is 
2142164The instance : 5_30_5_80
#########################
New solution cost
3459570
Old best cost
1000000000
New best cost
3459570
#########################
New solution cost
2617167
Old best cost
3459570
New best cost
2617167
#########################
New solution cost
2594065
Old best cost
2617167
New best cost
2594065
#########################
New solution cost
2511584
Old best cost
2594065
New best cost
2511584
#########################
New solution cost
2457440
Old best cost
2511584
New best cost
2457440
#########################
New solution cost
2401866
Old best cost
2457440
New best cost
2401866
#########################
New solution cost
2374181
Old best cost
2401866
New best cost
2374181
And the cost is 
2374181