The instance : 2_30_10_10
#########################
New solution cost
3970066
Old best cost
1000000000
New best cost
3970066
#########################
New solution cost
3116054
Old best cost
3970066
New best cost
3116054
#########################
New solution cost
3000948
Old best cost
3116054
New best cost
3000948
#########################
New solution cost
2911020
Old best cost
3000948
New best cost
2911020
#########################
New solution cost
2889207
Old best cost
2911020
New best cost
2889207
#########################
New solution cost
2864245
Old best cost
2889207
New best cost
2864245
#########################
New solution cost
2759791
Old best cost
2864245
New best cost
2759791
#########################
New solution cost
2742734
Old best cost
2759791
New best cost
2742734
#########################
New solution cost
2720392
Old best cost
2742734
New best cost
2720392
#########################
New solution cost
2685518
Old best cost
2720392
New best cost
2685518
And the cost is 
2685518The instance : 2_30_10_20
#########################
New solution cost
2944668
Old best cost
1000000000
New best cost
2944668
#########################
New solution cost
2853811
Old best cost
2944668
New best cost
2853811
#########################
New solution cost
2818990
Old best cost
2853811
New best cost
2818990
#########################
New solution cost
2765062
Old best cost
2818990
New best cost
2765062
#########################
New solution cost
2751901
Old best cost
2765062
New best cost
2751901
#########################
New solution cost
2722756
Old best cost
2751901
New best cost
2722756
And the cost is 
2722756The instance : 2_30_10_40
#########################
New solution cost
4051682
Old best cost
1000000000
New best cost
4051682
#########################
New solution cost
3210179
Old best cost
4051682
New best cost
3210179
#########################
New solution cost
3198577
Old best cost
3210179
New best cost
3198577
#########################
New solution cost
3194133
Old best cost
3198577
New best cost
3194133
#########################
New solution cost
3181082
Old best cost
3194133
New best cost
3181082
#########################
New solution cost
3091141
Old best cost
3181082
New best cost
3091141
#########################
New solution cost
3077962
Old best cost
3091141
New best cost
3077962
#########################
New solution cost
3068820
Old best cost
3077962
New best cost
3068820
#########################
New solution cost
3038955
Old best cost
3068820
New best cost
3038955
#########################
New solution cost
2913449
Old best cost
3038955
New best cost
2913449
#########################
New solution cost
2752101
Old best cost
2913449
New best cost
2752101
#########################
New solution cost
2712279
Old best cost
2752101
New best cost
2712279
And the cost is 
2712279The instance : 2_30_10_80
#########################
New solution cost
4821451
Old best cost
1000000000
New best cost
4821451
#########################
New solution cost
4645733
Old best cost
4821451
New best cost
4645733
#########################
New solution cost
4633353
Old best cost
4645733
New best cost
4633353
#########################
New solution cost
3944050
Old best cost
4633353
New best cost
3944050
#########################
New solution cost
3879986
Old best cost
3944050
New best cost
3879986
#########################
New solution cost
3698222
Old best cost
3879986
New best cost
3698222
#########################
New solution cost
3658663
Old best cost
3698222
New best cost
3658663
#########################
New solution cost
3640032
Old best cost
3658663
New best cost
3640032
#########################
New solution cost
3631301
Old best cost
3640032
New best cost
3631301
#########################
New solution cost
3605534
Old best cost
3631301
New best cost
3605534
#########################
New solution cost
3593954
Old best cost
3605534
New best cost
3593954
#########################
New solution cost
3572686
Old best cost
3593954
New best cost
3572686
And the cost is 
3572686The instance : 2_30_5_10
#########################
New solution cost
2572825
Old best cost
1000000000
New best cost
2572825
#########################
New solution cost
2324766
Old best cost
2572825
New best cost
2324766
#########################
New solution cost
2283688
Old best cost
2324766
New best cost
2283688
#########################
New solution cost
2188935
Old best cost
2283688
New best cost
2188935
#########################
New solution cost
2170047
Old best cost
2188935
New best cost
2170047
#########################
New solution cost
2098693
Old best cost
2170047
New best cost
2098693
And the cost is 
2098693The instance : 2_30_5_20
#########################
New solution cost
2816558
Old best cost
1000000000
New best cost
2816558
#########################
New solution cost
2417405
Old best cost
2816558
New best cost
2417405
#########################
New solution cost
2314831
Old best cost
2417405
New best cost
2314831
#########################
New solution cost
2313136
Old best cost
2314831
New best cost
2313136
#########################
New solution cost
2300885
Old best cost
2313136
New best cost
2300885
#########################
New solution cost
2199453
Old best cost
2300885
New best cost
2199453
#########################
New solution cost
2187021
Old best cost
2199453
New best cost
2187021
And the cost is 
2187021The instance : 2_30_5_40
#########################
New solution cost
2788331
Old best cost
1000000000
New best cost
2788331
#########################
New solution cost
2691164
Old best cost
2788331
New best cost
2691164
#########################
New solution cost
2666959
Old best cost
2691164
New best cost
2666959
#########################
New solution cost
2575234
Old best cost
2666959
New best cost
2575234
#########################
New solution cost
2479366
Old best cost
2575234
New best cost
2479366
#########################
New solution cost
2442102
Old best cost
2479366
New best cost
2442102
#########################
New solution cost
2429275
Old best cost
2442102
New best cost
2429275
#########################
New solution cost
2375384
Old best cost
2429275
New best cost
2375384
#########################
New solution cost
2285468
Old best cost
2375384
New best cost
2285468
And the cost is 
2285468The instance : 2_30_5_80
#########################
New solution cost
3876185
Old best cost
1000000000
New best cost
3876185
#########################
New solution cost
2789633
Old best cost
3876185
New best cost
2789633
#########################
New solution cost
2768823
Old best cost
2789633
New best cost
2768823
#########################
New solution cost
2694679
Old best cost
2768823
New best cost
2694679
#########################
New solution cost
2605590
Old best cost
2694679
New best cost
2605590
#########################
New solution cost
2558636
Old best cost
2605590
New best cost
2558636
#########################
New solution cost
2485821
Old best cost
2558636
New best cost
2485821
#########################
New solution cost
2467290
Old best cost
2485821
New best cost
2467290
#########################
New solution cost
2454915
Old best cost
2467290
New best cost
2454915
#########################
New solution cost
2432165
Old best cost
2454915
New best cost
2432165
#########################
New solution cost
2418509
Old best cost
2432165
New best cost
2418509
#########################
New solution cost
2413674
Old best cost
2418509
New best cost
2413674
And the cost is 
2413674