The instance : 4_30_10_10
#########################
New solution cost
3119612
Old best cost
1000000000
New best cost
3119612
#########################
New solution cost
3071877
Old best cost
3119612
New best cost
3071877
#########################
New solution cost
2859148
Old best cost
3071877
New best cost
2859148
#########################
New solution cost
2815102
Old best cost
2859148
New best cost
2815102
#########################
New solution cost
2792646
Old best cost
2815102
New best cost
2792646
#########################
New solution cost
2732019
Old best cost
2792646
New best cost
2732019
#########################
New solution cost
2692172
Old best cost
2732019
New best cost
2692172
#########################
New solution cost
2684407
Old best cost
2692172
New best cost
2684407
And the cost is 
2684407The instance : 4_30_10_20
#########################
New solution cost
3593648
Old best cost
1000000000
New best cost
3593648
#########################
New solution cost
3351557
Old best cost
3593648
New best cost
3351557
#########################
New solution cost
3196548
Old best cost
3351557
New best cost
3196548
#########################
New solution cost
3102888
Old best cost
3196548
New best cost
3102888
#########################
New solution cost
2856316
Old best cost
3102888
New best cost
2856316
#########################
New solution cost
2821008
Old best cost
2856316
New best cost
2821008
#########################
New solution cost
2763990
Old best cost
2821008
New best cost
2763990
#########################
New solution cost
2763772
Old best cost
2763990
New best cost
2763772
#########################
New solution cost
2754771
Old best cost
2763772
New best cost
2754771
#########################
New solution cost
2749680
Old best cost
2754771
New best cost
2749680
#########################
New solution cost
2733568
Old best cost
2749680
New best cost
2733568
#########################
New solution cost
2702806
Old best cost
2733568
New best cost
2702806
#########################
New solution cost
2696531
Old best cost
2702806
New best cost
2696531
And the cost is 
2696531The instance : 4_30_10_40
#########################
New solution cost
3827774
Old best cost
1000000000
New best cost
3827774
#########################
New solution cost
3476264
Old best cost
3827774
New best cost
3476264
#########################
New solution cost
3060564
Old best cost
3476264
New best cost
3060564
#########################
New solution cost
2962822
Old best cost
3060564
New best cost
2962822
#########################
New solution cost
2925354
Old best cost
2962822
New best cost
2925354
#########################
New solution cost
2907928
Old best cost
2925354
New best cost
2907928
#########################
New solution cost
2862161
Old best cost
2907928
New best cost
2862161
And the cost is 
2862161The instance : 4_30_10_80
#########################
New solution cost
4415306
Old best cost
1000000000
New best cost
4415306
#########################
New solution cost
3779070
Old best cost
4415306
New best cost
3779070
#########################
New solution cost
3758675
Old best cost
3779070
New best cost
3758675
#########################
New solution cost
3661304
Old best cost
3758675
New best cost
3661304
#########################
New solution cost
3570316
Old best cost
3661304
New best cost
3570316
#########################
New solution cost
3558150
Old best cost
3570316
New best cost
3558150
#########################
New solution cost
3383674
Old best cost
3558150
New best cost
3383674
#########################
New solution cost
3358269
Old best cost
3383674
New best cost
3358269
And the cost is 
3358269The instance : 4_30_5_10
#########################
New solution cost
2840871
Old best cost
1000000000
New best cost
2840871
#########################
New solution cost
2683464
Old best cost
2840871
New best cost
2683464
#########################
New solution cost
2660859
Old best cost
2683464
New best cost
2660859
#########################
New solution cost
2397512
Old best cost
2660859
New best cost
2397512
#########################
New solution cost
2263665
Old best cost
2397512
New best cost
2263665
#########################
New solution cost
2234155
Old best cost
2263665
New best cost
2234155
#########################
New solution cost
2069604
Old best cost
2234155
New best cost
2069604
#########################
New solution cost
2028885
Old best cost
2069604
New best cost
2028885
#########################
New solution cost
1978841
Old best cost
2028885
New best cost
1978841
#########################
New solution cost
1961057
Old best cost
1978841
New best cost
1961057
And the cost is 
1961057The instance : 4_30_5_20
#########################
New solution cost
2649935
Old best cost
1000000000
New best cost
2649935
#########################
New solution cost
2229022
Old best cost
2649935
New best cost
2229022
#########################
New solution cost
2224292
Old best cost
2229022
New best cost
2224292
#########################
New solution cost
2218060
Old best cost
2224292
New best cost
2218060
#########################
New solution cost
2183321
Old best cost
2218060
New best cost
2183321
#########################
New solution cost
2172503
Old best cost
2183321
New best cost
2172503
#########################
New solution cost
2059068
Old best cost
2172503
New best cost
2059068
#########################
New solution cost
2046997
Old best cost
2059068
New best cost
2046997
#########################
New solution cost
2020184
Old best cost
2046997
New best cost
2020184
#########################
New solution cost
2002106
Old best cost
2020184
New best cost
2002106
#########################
New solution cost
1991898
Old best cost
2002106
New best cost
1991898
And the cost is 
1991898The instance : 4_30_5_40
#########################
New solution cost
2676698
Old best cost
1000000000
New best cost
2676698
#########################
New solution cost
2260323
Old best cost
2676698
New best cost
2260323
#########################
New solution cost
2231437
Old best cost
2260323
New best cost
2231437
#########################
New solution cost
2204353
Old best cost
2231437
New best cost
2204353
#########################
New solution cost
2181620
Old best cost
2204353
New best cost
2181620
#########################
New solution cost
2165797
Old best cost
2181620
New best cost
2165797
#########################
New solution cost
2101007
Old best cost
2165797
New best cost
2101007
And the cost is 
2101007The instance : 4_30_5_80
#########################
New solution cost
3436852
Old best cost
1000000000
New best cost
3436852
#########################
New solution cost
2806248
Old best cost
3436852
New best cost
2806248
#########################
New solution cost
2672196
Old best cost
2806248
New best cost
2672196
#########################
New solution cost
2600110
Old best cost
2672196
New best cost
2600110
#########################
New solution cost
2557696
Old best cost
2600110
New best cost
2557696
#########################
New solution cost
2470100
Old best cost
2557696
New best cost
2470100
#########################
New solution cost
2386142
Old best cost
2470100
New best cost
2386142
#########################
New solution cost
2367988
Old best cost
2386142
New best cost
2367988
#########################
New solution cost
2357737
Old best cost
2367988
New best cost
2357737
#########################
New solution cost
2332451
Old best cost
2357737
New best cost
2332451
And the cost is 
2332451