The instance : 3_50_10_10
#########################
New solution cost
8850454
Old best cost
1000000000
New best cost
8850454
#########################
New solution cost
8810323
Old best cost
8850454
New best cost
8810323
#########################
New solution cost
8460254
Old best cost
8810323
New best cost
8460254
#########################
New solution cost
7683135
Old best cost
8460254
New best cost
7683135
#########################
New solution cost
7437766
Old best cost
7683135
New best cost
7437766
#########################
New solution cost
7086028
Old best cost
7437766
New best cost
7086028
And the cost is 
7086028The instance : 3_50_10_20
#########################
New solution cost
9089722
Old best cost
1000000000
New best cost
9089722
#########################
New solution cost
8472423
Old best cost
9089722
New best cost
8472423
#########################
New solution cost
8314327
Old best cost
8472423
New best cost
8314327
#########################
New solution cost
8165421
Old best cost
8314327
New best cost
8165421
#########################
New solution cost
8145599
Old best cost
8165421
New best cost
8145599
#########################
New solution cost
7933561
Old best cost
8145599
New best cost
7933561
#########################
New solution cost
7825982
Old best cost
7933561
New best cost
7825982
#########################
New solution cost
7646297
Old best cost
7825982
New best cost
7646297
#########################
New solution cost
7646062
Old best cost
7646297
New best cost
7646062
#########################
New solution cost
7281053
Old best cost
7646062
New best cost
7281053
#########################
New solution cost
7231377
Old best cost
7281053
New best cost
7231377
#########################
New solution cost
7171049
Old best cost
7231377
New best cost
7171049
And the cost is 
7171049The instance : 3_50_10_40
#########################
New solution cost
12396327
Old best cost
1000000000
New best cost
12396327
#########################
New solution cost
11600038
Old best cost
12396327
New best cost
11600038
#########################
New solution cost
10072842
Old best cost
11600038
New best cost
10072842
#########################
New solution cost
9579358
Old best cost
10072842
New best cost
9579358
#########################
New solution cost
9184224
Old best cost
9579358
New best cost
9184224
#########################
New solution cost
8740917
Old best cost
9184224
New best cost
8740917
#########################
New solution cost
7762333
Old best cost
8740917
New best cost
7762333
#########################
New solution cost
7695437
Old best cost
7762333
New best cost
7695437
And the cost is 
7695437The instance : 3_50_10_80
#########################
New solution cost
14324688
Old best cost
1000000000
New best cost
14324688
#########################
New solution cost
13829076
Old best cost
14324688
New best cost
13829076
#########################
New solution cost
11308648
Old best cost
13829076
New best cost
11308648
#########################
New solution cost
10569782
Old best cost
11308648
New best cost
10569782
#########################
New solution cost
10491118
Old best cost
10569782
New best cost
10491118
#########################
New solution cost
10323716
Old best cost
10491118
New best cost
10323716
#########################
New solution cost
10029292
Old best cost
10323716
New best cost
10029292
#########################
New solution cost
9927482
Old best cost
10029292
New best cost
9927482
#########################
New solution cost
9810441
Old best cost
9927482
New best cost
9810441
#########################
New solution cost
9518229
Old best cost
9810441
New best cost
9518229
#########################
New solution cost
9486978
Old best cost
9518229
New best cost
9486978
#########################
New solution cost
9472934
Old best cost
9486978
New best cost
9472934
#########################
New solution cost
9353946
Old best cost
9472934
New best cost
9353946
And the cost is 
9353946The instance : 3_50_5_10
#########################
New solution cost
9404251
Old best cost
1000000000
New best cost
9404251
#########################
New solution cost
5208621
Old best cost
9404251
New best cost
5208621
#########################
New solution cost
4895855
Old best cost
5208621
New best cost
4895855
#########################
New solution cost
4874922
Old best cost
4895855
New best cost
4874922
And the cost is 
4874922The instance : 3_50_5_20
#########################
New solution cost
6017384
Old best cost
1000000000
New best cost
6017384
#########################
New solution cost
5814090
Old best cost
6017384
New best cost
5814090
#########################
New solution cost
5796293
Old best cost
5814090
New best cost
5796293
#########################
New solution cost
5341188
Old best cost
5796293
New best cost
5341188
#########################
New solution cost
5195020
Old best cost
5341188
New best cost
5195020
#########################
New solution cost
5165365
Old best cost
5195020
New best cost
5165365
#########################
New solution cost
5056138
Old best cost
5165365
New best cost
5056138
#########################
New solution cost
5023971
Old best cost
5056138
New best cost
5023971
#########################
New solution cost
4894932
Old best cost
5023971
New best cost
4894932
#########################
New solution cost
4871240
Old best cost
4894932
New best cost
4871240
And the cost is 
4871240The instance : 3_50_5_40
#########################
New solution cost
9732192
Old best cost
1000000000
New best cost
9732192
#########################
New solution cost
7324068
Old best cost
9732192
New best cost
7324068
#########################
New solution cost
5827977
Old best cost
7324068
New best cost
5827977
#########################
New solution cost
5761692
Old best cost
5827977
New best cost
5761692
#########################
New solution cost
5705428
Old best cost
5761692
New best cost
5705428
#########################
New solution cost
5534145
Old best cost
5705428
New best cost
5534145
#########################
New solution cost
5500257
Old best cost
5534145
New best cost
5500257
#########################
New solution cost
5393374
Old best cost
5500257
New best cost
5393374
#########################
New solution cost
5348487
Old best cost
5393374
New best cost
5348487
#########################
New solution cost
5296595
Old best cost
5348487
New best cost
5296595
And the cost is 
5296595The instance : 3_50_5_80
#########################
New solution cost
11248166
Old best cost
1000000000
New best cost
11248166
#########################
New solution cost
9673308
Old best cost
11248166
New best cost
9673308
#########################
New solution cost
9553361
Old best cost
9673308
New best cost
9553361
#########################
New solution cost
8469720
Old best cost
9553361
New best cost
8469720
#########################
New solution cost
8421265
Old best cost
8469720
New best cost
8421265
#########################
New solution cost
8281011
Old best cost
8421265
New best cost
8281011
#########################
New solution cost
7063045
Old best cost
8281011
New best cost
7063045
#########################
New solution cost
6887053
Old best cost
7063045
New best cost
6887053
#########################
New solution cost
6684237
Old best cost
6887053
New best cost
6684237
And the cost is 
6684237