The instance : 5_70_10_10
#########################
New solution cost
22516343
Old best cost
1000000000
New best cost
22516343
#########################
New solution cost
18866805
Old best cost
22516343
New best cost
18866805
#########################
New solution cost
16812573
Old best cost
18866805
New best cost
16812573
#########################
New solution cost
16071945
Old best cost
16812573
New best cost
16071945
#########################
New solution cost
15649437
Old best cost
16071945
New best cost
15649437
#########################
New solution cost
15534472
Old best cost
15649437
New best cost
15534472
And the cost is 
15534472The instance : 5_70_10_20
#########################
New solution cost
18939241
Old best cost
1000000000
New best cost
18939241
#########################
New solution cost
18342409
Old best cost
18939241
New best cost
18342409
#########################
New solution cost
17372055
Old best cost
18342409
New best cost
17372055
#########################
New solution cost
16303418
Old best cost
17372055
New best cost
16303418
And the cost is 
16303418The instance : 5_70_10_40
#########################
New solution cost
23627796
Old best cost
1000000000
New best cost
23627796
#########################
New solution cost
20105850
Old best cost
23627796
New best cost
20105850
#########################
New solution cost
18870836
Old best cost
20105850
New best cost
18870836
#########################
New solution cost
18780573
Old best cost
18870836
New best cost
18780573
#########################
New solution cost
18582040
Old best cost
18780573
New best cost
18582040
And the cost is 
18582040The instance : 5_70_10_80
#########################
New solution cost
25943897
Old best cost
1000000000
New best cost
25943897
And the cost is 
25943897The instance : 5_70_5_10
#########################
New solution cost
12834844
Old best cost
1000000000
New best cost
12834844
#########################
New solution cost
12824851
Old best cost
12834844
New best cost
12824851
#########################
New solution cost
12560659
Old best cost
12824851
New best cost
12560659
#########################
New solution cost
12208774
Old best cost
12560659
New best cost
12208774
#########################
New solution cost
12074059
Old best cost
12208774
New best cost
12074059
#########################
New solution cost
11904388
Old best cost
12074059
New best cost
11904388
#########################
New solution cost
11805259
Old best cost
11904388
New best cost
11805259
And the cost is 
11805259The instance : 5_70_5_20
#########################
New solution cost
15504931
Old best cost
1000000000
New best cost
15504931
#########################
New solution cost
13307507
Old best cost
15504931
New best cost
13307507
#########################
New solution cost
11772035
Old best cost
13307507
New best cost
11772035
And the cost is 
11772035The instance : 5_70_5_40
#########################
New solution cost
19912037
Old best cost
1000000000
New best cost
19912037
#########################
New solution cost
16216061
Old best cost
19912037
New best cost
16216061
#########################
New solution cost
14436623
Old best cost
16216061
New best cost
14436623
#########################
New solution cost
14125354
Old best cost
14436623
New best cost
14125354
#########################
New solution cost
13708807
Old best cost
14125354
New best cost
13708807
#########################
New solution cost
13526072
Old best cost
13708807
New best cost
13526072
#########################
New solution cost
12717089
Old best cost
13526072
New best cost
12717089
#########################
New solution cost
12512574
Old best cost
12717089
New best cost
12512574
And the cost is 
12512574The instance : 5_70_5_80
#########################
New solution cost
24478063
Old best cost
1000000000
New best cost
24478063
#########################
New solution cost
20744750
Old best cost
24478063
New best cost
20744750
#########################
New solution cost
19267897
Old best cost
20744750
New best cost
19267897
#########################
New solution cost
18190325
Old best cost
19267897
New best cost
18190325
#########################
New solution cost
17199501
Old best cost
18190325
New best cost
17199501
#########################
New solution cost
16215574
Old best cost
17199501
New best cost
16215574
#########################
New solution cost
15963896
Old best cost
16215574
New best cost
15963896
And the cost is 
15963896