The instance : 4_50_10_10
#########################
New solution cost
12694710
Old best cost
1000000000
New best cost
12694710
#########################
New solution cost
10045258
Old best cost
12694710
New best cost
10045258
#########################
New solution cost
9147783
Old best cost
10045258
New best cost
9147783
#########################
New solution cost
8243642
Old best cost
9147783
New best cost
8243642
#########################
New solution cost
7856367
Old best cost
8243642
New best cost
7856367
#########################
New solution cost
7813925
Old best cost
7856367
New best cost
7813925
#########################
New solution cost
7777397
Old best cost
7813925
New best cost
7777397
#########################
New solution cost
7585517
Old best cost
7777397
New best cost
7585517
And the cost is 
7585517The instance : 4_50_10_20
#########################
New solution cost
10073824
Old best cost
1000000000
New best cost
10073824
#########################
New solution cost
9163582
Old best cost
10073824
New best cost
9163582
#########################
New solution cost
8810083
Old best cost
9163582
New best cost
8810083
#########################
New solution cost
8596583
Old best cost
8810083
New best cost
8596583
#########################
New solution cost
8195498
Old best cost
8596583
New best cost
8195498
#########################
New solution cost
7763659
Old best cost
8195498
New best cost
7763659
#########################
New solution cost
7722732
Old best cost
7763659
New best cost
7722732
And the cost is 
7722732The instance : 4_50_10_40
#########################
New solution cost
11730650
Old best cost
1000000000
New best cost
11730650
#########################
New solution cost
11146123
Old best cost
11730650
New best cost
11146123
#########################
New solution cost
10792195
Old best cost
11146123
New best cost
10792195
#########################
New solution cost
10309174
Old best cost
10792195
New best cost
10309174
#########################
New solution cost
10208899
Old best cost
10309174
New best cost
10208899
#########################
New solution cost
9768934
Old best cost
10208899
New best cost
9768934
#########################
New solution cost
9436950
Old best cost
9768934
New best cost
9436950
#########################
New solution cost
8665106
Old best cost
9436950
New best cost
8665106
And the cost is 
8665106The instance : 4_50_10_80
#########################
New solution cost
11631359
Old best cost
1000000000
New best cost
11631359
#########################
New solution cost
11482702
Old best cost
11631359
New best cost
11482702
#########################
New solution cost
11460593
Old best cost
11482702
New best cost
11460593
#########################
New solution cost
10906059
Old best cost
11460593
New best cost
10906059
#########################
New solution cost
10832510
Old best cost
10906059
New best cost
10832510
#########################
New solution cost
10744924
Old best cost
10832510
New best cost
10744924
#########################
New solution cost
10509866
Old best cost
10744924
New best cost
10509866
#########################
New solution cost
10251757
Old best cost
10509866
New best cost
10251757
#########################
New solution cost
10232815
Old best cost
10251757
New best cost
10232815
#########################
New solution cost
10165130
Old best cost
10232815
New best cost
10165130
And the cost is 
10165130The instance : 4_50_5_10
#########################
New solution cost
6121224
Old best cost
1000000000
New best cost
6121224
#########################
New solution cost
5442049
Old best cost
6121224
New best cost
5442049
#########################
New solution cost
4758893
Old best cost
5442049
New best cost
4758893
And the cost is 
4758893The instance : 4_50_5_20
#########################
New solution cost
10384401
Old best cost
1000000000
New best cost
10384401
#########################
New solution cost
6368098
Old best cost
10384401
New best cost
6368098
#########################
New solution cost
6013455
Old best cost
6368098
New best cost
6013455
#########################
New solution cost
5867074
Old best cost
6013455
New best cost
5867074
#########################
New solution cost
5623526
Old best cost
5867074
New best cost
5623526
#########################
New solution cost
5362610
Old best cost
5623526
New best cost
5362610
#########################
New solution cost
5130075
Old best cost
5362610
New best cost
5130075
#########################
New solution cost
5048495
Old best cost
5130075
New best cost
5048495
#########################
New solution cost
5047327
Old best cost
5048495
New best cost
5047327
#########################
New solution cost
4968637
Old best cost
5047327
New best cost
4968637
And the cost is 
4968637The instance : 4_50_5_40
#########################
New solution cost
9252247
Old best cost
1000000000
New best cost
9252247
#########################
New solution cost
7154895
Old best cost
9252247
New best cost
7154895
#########################
New solution cost
6740953
Old best cost
7154895
New best cost
6740953
#########################
New solution cost
6562119
Old best cost
6740953
New best cost
6562119
#########################
New solution cost
6374716
Old best cost
6562119
New best cost
6374716
#########################
New solution cost
6272134
Old best cost
6374716
New best cost
6272134
#########################
New solution cost
5842779
Old best cost
6272134
New best cost
5842779
#########################
New solution cost
5649913
Old best cost
5842779
New best cost
5649913
#########################
New solution cost
5631797
Old best cost
5649913
New best cost
5631797
#########################
New solution cost
5414585
Old best cost
5631797
New best cost
5414585
And the cost is 
5414585The instance : 4_50_5_80
#########################
New solution cost
11454678
Old best cost
1000000000
New best cost
11454678
#########################
New solution cost
10883731
Old best cost
11454678
New best cost
10883731
#########################
New solution cost
8397740
Old best cost
10883731
New best cost
8397740
#########################
New solution cost
8289896
Old best cost
8397740
New best cost
8289896
#########################
New solution cost
8005579
Old best cost
8289896
New best cost
8005579
#########################
New solution cost
7266721
Old best cost
8005579
New best cost
7266721
#########################
New solution cost
7215707
Old best cost
7266721
New best cost
7215707
#########################
New solution cost
6974039
Old best cost
7215707
New best cost
6974039
#########################
New solution cost
6955801
Old best cost
6974039
New best cost
6955801
#########################
New solution cost
6577544
Old best cost
6955801
New best cost
6577544
#########################
New solution cost
6486889
Old best cost
6577544
New best cost
6486889
#########################
New solution cost
6351241
Old best cost
6486889
New best cost
6351241
And the cost is 
6351241