The instance : 5_50_10_10
#########################
New solution cost
11117985
Old best cost
1000000000
New best cost
11117985
#########################
New solution cost
8671005
Old best cost
11117985
New best cost
8671005
#########################
New solution cost
8194570
Old best cost
8671005
New best cost
8194570
#########################
New solution cost
7635375
Old best cost
8194570
New best cost
7635375
#########################
New solution cost
7353256
Old best cost
7635375
New best cost
7353256
And the cost is 
7353256The instance : 5_50_10_20
#########################
New solution cost
10021624
Old best cost
1000000000
New best cost
10021624
#########################
New solution cost
9403531
Old best cost
10021624
New best cost
9403531
#########################
New solution cost
9016036
Old best cost
9403531
New best cost
9016036
#########################
New solution cost
8671532
Old best cost
9016036
New best cost
8671532
#########################
New solution cost
8216267
Old best cost
8671532
New best cost
8216267
#########################
New solution cost
8067523
Old best cost
8216267
New best cost
8067523
#########################
New solution cost
7941540
Old best cost
8067523
New best cost
7941540
#########################
New solution cost
7773741
Old best cost
7941540
New best cost
7773741
And the cost is 
7773741The instance : 5_50_10_40
#########################
New solution cost
9618337
Old best cost
1000000000
New best cost
9618337
#########################
New solution cost
9292461
Old best cost
9618337
New best cost
9292461
#########################
New solution cost
8577122
Old best cost
9292461
New best cost
8577122
#########################
New solution cost
8563475
Old best cost
8577122
New best cost
8563475
#########################
New solution cost
8448318
Old best cost
8563475
New best cost
8448318
#########################
New solution cost
8388460
Old best cost
8448318
New best cost
8388460
#########################
New solution cost
8369607
Old best cost
8388460
New best cost
8369607
#########################
New solution cost
8359871
Old best cost
8369607
New best cost
8359871
#########################
New solution cost
8283974
Old best cost
8359871
New best cost
8283974
#########################
New solution cost
7980855
Old best cost
8283974
New best cost
7980855
And the cost is 
7980855The instance : 5_50_10_80
#########################
New solution cost
14921163
Old best cost
1000000000
New best cost
14921163
#########################
New solution cost
13610011
Old best cost
14921163
New best cost
13610011
#########################
New solution cost
12205225
Old best cost
13610011
New best cost
12205225
#########################
New solution cost
11892687
Old best cost
12205225
New best cost
11892687
#########################
New solution cost
11356177
Old best cost
11892687
New best cost
11356177
#########################
New solution cost
11131051
Old best cost
11356177
New best cost
11131051
#########################
New solution cost
11075081
Old best cost
11131051
New best cost
11075081
#########################
New solution cost
10946578
Old best cost
11075081
New best cost
10946578
#########################
New solution cost
10830168
Old best cost
10946578
New best cost
10830168
#########################
New solution cost
10676108
Old best cost
10830168
New best cost
10676108
#########################
New solution cost
10463429
Old best cost
10676108
New best cost
10463429
#########################
New solution cost
10338556
Old best cost
10463429
New best cost
10338556
#########################
New solution cost
10300204
Old best cost
10338556
New best cost
10300204
And the cost is 
10300204The instance : 5_50_5_10
#########################
New solution cost
8365557
Old best cost
1000000000
New best cost
8365557
#########################
New solution cost
7791629
Old best cost
8365557
New best cost
7791629
#########################
New solution cost
6325793
Old best cost
7791629
New best cost
6325793
#########################
New solution cost
5637213
Old best cost
6325793
New best cost
5637213
#########################
New solution cost
5490706
Old best cost
5637213
New best cost
5490706
#########################
New solution cost
5433942
Old best cost
5490706
New best cost
5433942
#########################
New solution cost
5374560
Old best cost
5433942
New best cost
5374560
#########################
New solution cost
5230500
Old best cost
5374560
New best cost
5230500
#########################
New solution cost
5227959
Old best cost
5230500
New best cost
5227959
#########################
New solution cost
5206736
Old best cost
5227959
New best cost
5206736
#########################
New solution cost
4991318
Old best cost
5206736
New best cost
4991318
And the cost is 
4991318The instance : 5_50_5_20
#########################
New solution cost
9512468
Old best cost
1000000000
New best cost
9512468
#########################
New solution cost
6754211
Old best cost
9512468
New best cost
6754211
#########################
New solution cost
6292462
Old best cost
6754211
New best cost
6292462
#########################
New solution cost
5497692
Old best cost
6292462
New best cost
5497692
#########################
New solution cost
5447990
Old best cost
5497692
New best cost
5447990
#########################
New solution cost
5373510
Old best cost
5447990
New best cost
5373510
#########################
New solution cost
5325893
Old best cost
5373510
New best cost
5325893
#########################
New solution cost
5108526
Old best cost
5325893
New best cost
5108526
And the cost is 
5108526The instance : 5_50_5_40
#########################
New solution cost
9412063
Old best cost
1000000000
New best cost
9412063
#########################
New solution cost
6436493
Old best cost
9412063
New best cost
6436493
#########################
New solution cost
6401794
Old best cost
6436493
New best cost
6401794
#########################
New solution cost
6357552
Old best cost
6401794
New best cost
6357552
#########################
New solution cost
6231197
Old best cost
6357552
New best cost
6231197
#########################
New solution cost
6066334
Old best cost
6231197
New best cost
6066334
#########################
New solution cost
5993046
Old best cost
6066334
New best cost
5993046
#########################
New solution cost
5871599
Old best cost
5993046
New best cost
5871599
#########################
New solution cost
5840010
Old best cost
5871599
New best cost
5840010
#########################
New solution cost
5725509
Old best cost
5840010
New best cost
5725509
#########################
New solution cost
5721803
Old best cost
5725509
New best cost
5721803
#########################
New solution cost
5629233
Old best cost
5721803
New best cost
5629233
And the cost is 
5629233The instance : 5_50_5_80
#########################
New solution cost
9285470
Old best cost
1000000000
New best cost
9285470
#########################
New solution cost
9203932
Old best cost
9285470
New best cost
9203932
#########################
New solution cost
8308252
Old best cost
9203932
New best cost
8308252
#########################
New solution cost
8175302
Old best cost
8308252
New best cost
8175302
#########################
New solution cost
7862906
Old best cost
8175302
New best cost
7862906
#########################
New solution cost
7763600
Old best cost
7862906
New best cost
7763600
#########################
New solution cost
7409213
Old best cost
7763600
New best cost
7409213
#########################
New solution cost
7216840
Old best cost
7409213
New best cost
7216840
#########################
New solution cost
7179336
Old best cost
7216840
New best cost
7179336
#########################
New solution cost
7154451
Old best cost
7179336
New best cost
7154451
#########################
New solution cost
6836138
Old best cost
7154451
New best cost
6836138
And the cost is 
6836138