The instance : 3_70_10_10
#########################
New solution cost
25351292
Old best cost
1000000000
New best cost
25351292
#########################
New solution cost
20858128
Old best cost
25351292
New best cost
20858128
#########################
New solution cost
18283496
Old best cost
20858128
New best cost
18283496
#########################
New solution cost
17652062
Old best cost
18283496
New best cost
17652062
#########################
New solution cost
16526204
Old best cost
17652062
New best cost
16526204
#########################
New solution cost
16477565
Old best cost
16526204
New best cost
16477565
#########################
New solution cost
16138336
Old best cost
16477565
New best cost
16138336
#########################
New solution cost
15522449
Old best cost
16138336
New best cost
15522449
And the cost is 
15522449The instance : 3_70_10_20
#########################
New solution cost
24955297
Old best cost
1000000000
New best cost
24955297
#########################
New solution cost
20622832
Old best cost
24955297
New best cost
20622832
#########################
New solution cost
18987550
Old best cost
20622832
New best cost
18987550
#########################
New solution cost
17258974
Old best cost
18987550
New best cost
17258974
#########################
New solution cost
17084929
Old best cost
17258974
New best cost
17084929
#########################
New solution cost
16482652
Old best cost
17084929
New best cost
16482652
#########################
New solution cost
16094580
Old best cost
16482652
New best cost
16094580
#########################
New solution cost
15843334
Old best cost
16094580
New best cost
15843334
#########################
New solution cost
15337916
Old best cost
15843334
New best cost
15337916
And the cost is 
15337916The instance : 3_70_10_40
#########################
New solution cost
29075505
Old best cost
1000000000
New best cost
29075505
#########################
New solution cost
21711437
Old best cost
29075505
New best cost
21711437
#########################
New solution cost
20035598
Old best cost
21711437
New best cost
20035598
#########################
New solution cost
18772634
Old best cost
20035598
New best cost
18772634
#########################
New solution cost
18701827
Old best cost
18772634
New best cost
18701827
#########################
New solution cost
17445233
Old best cost
18701827
New best cost
17445233
And the cost is 
17445233The instance : 3_70_10_80
#########################
New solution cost
29558265
Old best cost
1000000000
New best cost
29558265
#########################
New solution cost
29108491
Old best cost
29558265
New best cost
29108491
#########################
New solution cost
28641870
Old best cost
29108491
New best cost
28641870
#########################
New solution cost
27037827
Old best cost
28641870
New best cost
27037827
#########################
New solution cost
26634052
Old best cost
27037827
New best cost
26634052
#########################
New solution cost
25877034
Old best cost
26634052
New best cost
25877034
#########################
New solution cost
24864921
Old best cost
25877034
New best cost
24864921
#########################
New solution cost
24858829
Old best cost
24864921
New best cost
24858829
#########################
New solution cost
24628147
Old best cost
24858829
New best cost
24628147
#########################
New solution cost
24251907
Old best cost
24628147
New best cost
24251907
#########################
New solution cost
23781656
Old best cost
24251907
New best cost
23781656
And the cost is 
23781656The instance : 3_70_5_10
#########################
New solution cost
17610552
Old best cost
1000000000
New best cost
17610552
#########################
New solution cost
13687030
Old best cost
17610552
New best cost
13687030
#########################
New solution cost
13665058
Old best cost
13687030
New best cost
13665058
#########################
New solution cost
12623340
Old best cost
13665058
New best cost
12623340
#########################
New solution cost
12041171
Old best cost
12623340
New best cost
12041171
#########################
New solution cost
11138806
Old best cost
12041171
New best cost
11138806
And the cost is 
11138806The instance : 3_70_5_20
#########################
New solution cost
16373542
Old best cost
1000000000
New best cost
16373542
#########################
New solution cost
15113073
Old best cost
16373542
New best cost
15113073
#########################
New solution cost
14299927
Old best cost
15113073
New best cost
14299927
#########################
New solution cost
11462600
Old best cost
14299927
New best cost
11462600
#########################
New solution cost
11293219
Old best cost
11462600
New best cost
11293219
And the cost is 
11293219The instance : 3_70_5_40
#########################
New solution cost
21806585
Old best cost
1000000000
New best cost
21806585
#########################
New solution cost
18168213
Old best cost
21806585
New best cost
18168213
#########################
New solution cost
16241627
Old best cost
18168213
New best cost
16241627
#########################
New solution cost
13960801
Old best cost
16241627
New best cost
13960801
#########################
New solution cost
13824660
Old best cost
13960801
New best cost
13824660
#########################
New solution cost
13487103
Old best cost
13824660
New best cost
13487103
#########################
New solution cost
13320377
Old best cost
13487103
New best cost
13320377
#########################
New solution cost
13100809
Old best cost
13320377
New best cost
13100809
#########################
New solution cost
12857103
Old best cost
13100809
New best cost
12857103
#########################
New solution cost
12739176
Old best cost
12857103
New best cost
12739176
#########################
New solution cost
12196185
Old best cost
12739176
New best cost
12196185
And the cost is 
12196185The instance : 3_70_5_80
#########################
New solution cost
21288110
Old best cost
1000000000
New best cost
21288110
#########################
New solution cost
21228376
Old best cost
21288110
New best cost
21228376
#########################
New solution cost
18432248
Old best cost
21228376
New best cost
18432248
#########################
New solution cost
18357713
Old best cost
18432248
New best cost
18357713
#########################
New solution cost
17710890
Old best cost
18357713
New best cost
17710890
#########################
New solution cost
17510236
Old best cost
17710890
New best cost
17510236
#########################
New solution cost
17150808
Old best cost
17510236
New best cost
17150808
#########################
New solution cost
16968594
Old best cost
17150808
New best cost
16968594
#########################
New solution cost
16509554
Old best cost
16968594
New best cost
16509554
#########################
New solution cost
16488066
Old best cost
16509554
New best cost
16488066
#########################
New solution cost
16480351
Old best cost
16488066
New best cost
16480351
And the cost is 
16480351