The instance : 2_70_10_10
#########################
New solution cost
27491687
Old best cost
1000000000
New best cost
27491687
#########################
New solution cost
25374072
Old best cost
27491687
New best cost
25374072
#########################
New solution cost
24673983
Old best cost
25374072
New best cost
24673983
#########################
New solution cost
24367665
Old best cost
24673983
New best cost
24367665
And the cost is 
24367665The instance : 2_70_10_20
#########################
New solution cost
24023737
Old best cost
1000000000
New best cost
24023737
And the cost is 
24023737The instance : 2_70_10_40
#########################
New solution cost
28145610
Old best cost
1000000000
New best cost
28145610
And the cost is 
28145610The instance : 2_70_10_80
And the cost is 
1000000000The instance : 2_70_5_10
#########################
New solution cost
25800928
Old best cost
1000000000
New best cost
25800928
#########################
New solution cost
22652236
Old best cost
25800928
New best cost
22652236
#########################
New solution cost
21103263
Old best cost
22652236
New best cost
21103263
#########################
New solution cost
19877262
Old best cost
21103263
New best cost
19877262
#########################
New solution cost
19262288
Old best cost
19877262
New best cost
19262288
#########################
New solution cost
16033935
Old best cost
19262288
New best cost
16033935
#########################
New solution cost
15568400
Old best cost
16033935
New best cost
15568400
#########################
New solution cost
15518333
Old best cost
15568400
New best cost
15518333
#########################
New solution cost
15258401
Old best cost
15518333
New best cost
15258401
#########################
New solution cost
15167103
Old best cost
15258401
New best cost
15167103
#########################
New solution cost
15095275
Old best cost
15167103
New best cost
15095275
And the cost is 
15095275The instance : 2_70_5_20
#########################
New solution cost
17145674
Old best cost
1000000000
New best cost
17145674
#########################
New solution cost
16300229
Old best cost
17145674
New best cost
16300229
#########################
New solution cost
15044802
Old best cost
16300229
New best cost
15044802
#########################
New solution cost
14919308
Old best cost
15044802
New best cost
14919308
#########################
New solution cost
14874960
Old best cost
14919308
New best cost
14874960
#########################
New solution cost
14450992
Old best cost
14874960
New best cost
14450992
And the cost is 
14450992The instance : 2_70_5_40
#########################
New solution cost
19456819
Old best cost
1000000000
New best cost
19456819
#########################
New solution cost
16971278
Old best cost
19456819
New best cost
16971278
#########################
New solution cost
16523206
Old best cost
16971278
New best cost
16523206
And the cost is 
16523206The instance : 2_70_5_80
#########################
New solution cost
24446720
Old best cost
1000000000
New best cost
24446720
#########################
New solution cost
22386690
Old best cost
24446720
New best cost
22386690
And the cost is 
22386690