The instance : 4_70_10_10
#########################
New solution cost
22868096
Old best cost
1000000000
New best cost
22868096
#########################
New solution cost
22818893
Old best cost
22868096
New best cost
22818893
#########################
New solution cost
21098198
Old best cost
22818893
New best cost
21098198
#########################
New solution cost
18987835
Old best cost
21098198
New best cost
18987835
#########################
New solution cost
18309207
Old best cost
18987835
New best cost
18309207
#########################
New solution cost
17392660
Old best cost
18309207
New best cost
17392660
And the cost is 
17392660The instance : 4_70_10_20
#########################
New solution cost
23246356
Old best cost
1000000000
New best cost
23246356
#########################
New solution cost
22990546
Old best cost
23246356
New best cost
22990546
#########################
New solution cost
20234687
Old best cost
22990546
New best cost
20234687
#########################
New solution cost
19215906
Old best cost
20234687
New best cost
19215906
#########################
New solution cost
18812178
Old best cost
19215906
New best cost
18812178
#########################
New solution cost
18371105
Old best cost
18812178
New best cost
18371105
#########################
New solution cost
18031825
Old best cost
18371105
New best cost
18031825
#########################
New solution cost
17911962
Old best cost
18031825
New best cost
17911962
#########################
New solution cost
17040655
Old best cost
17911962
New best cost
17040655
And the cost is 
17040655The instance : 4_70_10_40
#########################
New solution cost
25740679
Old best cost
1000000000
New best cost
25740679
#########################
New solution cost
23312507
Old best cost
25740679
New best cost
23312507
#########################
New solution cost
19642859
Old best cost
23312507
New best cost
19642859
And the cost is 
19642859The instance : 4_70_10_80
#########################
New solution cost
29765941
Old best cost
1000000000
New best cost
29765941
And the cost is 
29765941The instance : 4_70_5_10
#########################
New solution cost
19826419
Old best cost
1000000000
New best cost
19826419
#########################
New solution cost
16186948
Old best cost
19826419
New best cost
16186948
#########################
New solution cost
13830841
Old best cost
16186948
New best cost
13830841
#########################
New solution cost
13402979
Old best cost
13830841
New best cost
13402979
#########################
New solution cost
12851439
Old best cost
13402979
New best cost
12851439
#########################
New solution cost
12582740
Old best cost
12851439
New best cost
12582740
And the cost is 
12582740The instance : 4_70_5_20
#########################
New solution cost
18984974
Old best cost
1000000000
New best cost
18984974
#########################
New solution cost
18607545
Old best cost
18984974
New best cost
18607545
#########################
New solution cost
16410726
Old best cost
18607545
New best cost
16410726
#########################
New solution cost
15418539
Old best cost
16410726
New best cost
15418539
#########################
New solution cost
14692018
Old best cost
15418539
New best cost
14692018
#########################
New solution cost
14205416
Old best cost
14692018
New best cost
14205416
#########################
New solution cost
13442718
Old best cost
14205416
New best cost
13442718
#########################
New solution cost
13135466
Old best cost
13442718
New best cost
13135466
#########################
New solution cost
13089224
Old best cost
13135466
New best cost
13089224
And the cost is 
13089224The instance : 4_70_5_40
#########################
New solution cost
17673867
Old best cost
1000000000
New best cost
17673867
#########################
New solution cost
17105130
Old best cost
17673867
New best cost
17105130
#########################
New solution cost
15567241
Old best cost
17105130
New best cost
15567241
#########################
New solution cost
14860787
Old best cost
15567241
New best cost
14860787
#########################
New solution cost
14766148
Old best cost
14860787
New best cost
14766148
#########################
New solution cost
14279384
Old best cost
14766148
New best cost
14279384
#########################
New solution cost
14142894
Old best cost
14279384
New best cost
14142894
And the cost is 
14142894The instance : 4_70_5_80
#########################
New solution cost
18256500
Old best cost
1000000000
New best cost
18256500
#########################
New solution cost
18113928
Old best cost
18256500
New best cost
18113928
#########################
New solution cost
17262757
Old best cost
18113928
New best cost
17262757
And the cost is 
17262757