The instance : 3_30_10_10
#########################
New solution cost
3594374
Old best cost
1000000000
New best cost
3594374
#########################
New solution cost
3134982
Old best cost
3594374
New best cost
3134982
#########################
New solution cost
2521406
Old best cost
3134982
New best cost
2521406
#########################
New solution cost
2513720
Old best cost
2521406
New best cost
2513720
#########################
New solution cost
2499229
Old best cost
2513720
New best cost
2499229
#########################
New solution cost
2434627
Old best cost
2499229
New best cost
2434627
And the cost is 
2434627The instance : 3_30_10_20
#########################
New solution cost
2712573
Old best cost
1000000000
New best cost
2712573
#########################
New solution cost
2680370
Old best cost
2712573
New best cost
2680370
#########################
New solution cost
2660094
Old best cost
2680370
New best cost
2660094
#########################
New solution cost
2659867
Old best cost
2660094
New best cost
2659867
#########################
New solution cost
2587320
Old best cost
2659867
New best cost
2587320
#########################
New solution cost
2584369
Old best cost
2587320
New best cost
2584369
#########################
New solution cost
2516865
Old best cost
2584369
New best cost
2516865
#########################
New solution cost
2514734
Old best cost
2516865
New best cost
2514734
#########################
New solution cost
2451585
Old best cost
2514734
New best cost
2451585
And the cost is 
2451585The instance : 3_30_10_40
#########################
New solution cost
4794098
Old best cost
1000000000
New best cost
4794098
#########################
New solution cost
3047619
Old best cost
4794098
New best cost
3047619
#########################
New solution cost
2758525
Old best cost
3047619
New best cost
2758525
#########################
New solution cost
2694774
Old best cost
2758525
New best cost
2694774
#########################
New solution cost
2688671
Old best cost
2694774
New best cost
2688671
#########################
New solution cost
2637043
Old best cost
2688671
New best cost
2637043
#########################
New solution cost
2636585
Old best cost
2637043
New best cost
2636585
#########################
New solution cost
2623338
Old best cost
2636585
New best cost
2623338
#########################
New solution cost
2607955
Old best cost
2623338
New best cost
2607955
#########################
New solution cost
2607140
Old best cost
2607955
New best cost
2607140
#########################
New solution cost
2606814
Old best cost
2607140
New best cost
2606814
#########################
New solution cost
2582272
Old best cost
2606814
New best cost
2582272
#########################
New solution cost
2540699
Old best cost
2582272
New best cost
2540699
#########################
New solution cost
2525777
Old best cost
2540699
New best cost
2525777
And the cost is 
2525777The instance : 3_30_10_80
#########################
New solution cost
3392898
Old best cost
1000000000
New best cost
3392898
#########################
New solution cost
3371930
Old best cost
3392898
New best cost
3371930
#########################
New solution cost
3349598
Old best cost
3371930
New best cost
3349598
#########################
New solution cost
3330858
Old best cost
3349598
New best cost
3330858
#########################
New solution cost
3288808
Old best cost
3330858
New best cost
3288808
#########################
New solution cost
3231561
Old best cost
3288808
New best cost
3231561
#########################
New solution cost
3203131
Old best cost
3231561
New best cost
3203131
#########################
New solution cost
3186778
Old best cost
3203131
New best cost
3186778
#########################
New solution cost
3182729
Old best cost
3186778
New best cost
3182729
#########################
New solution cost
3166155
Old best cost
3182729
New best cost
3166155
#########################
New solution cost
3161447
Old best cost
3166155
New best cost
3161447
#########################
New solution cost
3129082
Old best cost
3161447
New best cost
3129082
#########################
New solution cost
3021971
Old best cost
3129082
New best cost
3021971
And the cost is 
3021971The instance : 3_30_5_10
#########################
New solution cost
2074173
Old best cost
1000000000
New best cost
2074173
#########################
New solution cost
2073706
Old best cost
2074173
New best cost
2073706
#########################
New solution cost
2063222
Old best cost
2073706
New best cost
2063222
#########################
New solution cost
2013692
Old best cost
2063222
New best cost
2013692
#########################
New solution cost
1918173
Old best cost
2013692
New best cost
1918173
#########################
New solution cost
1914261
Old best cost
1918173
New best cost
1914261
#########################
New solution cost
1893228
Old best cost
1914261
New best cost
1893228
#########################
New solution cost
1884273
Old best cost
1893228
New best cost
1884273
#########################
New solution cost
1875700
Old best cost
1884273
New best cost
1875700
#########################
New solution cost
1875467
Old best cost
1875700
New best cost
1875467
#########################
New solution cost
1848821
Old best cost
1875467
New best cost
1848821
And the cost is 
1848821The instance : 3_30_5_20
#########################
New solution cost
3066027
Old best cost
1000000000
New best cost
3066027
#########################
New solution cost
2427420
Old best cost
3066027
New best cost
2427420
#########################
New solution cost
2221301
Old best cost
2427420
New best cost
2221301
#########################
New solution cost
2006541
Old best cost
2221301
New best cost
2006541
#########################
New solution cost
1985607
Old best cost
2006541
New best cost
1985607
#########################
New solution cost
1938731
Old best cost
1985607
New best cost
1938731
#########################
New solution cost
1934060
Old best cost
1938731
New best cost
1934060
#########################
New solution cost
1912413
Old best cost
1934060
New best cost
1912413
#########################
New solution cost
1895257
Old best cost
1912413
New best cost
1895257
#########################
New solution cost
1873595
Old best cost
1895257
New best cost
1873595
#########################
New solution cost
1862774
Old best cost
1873595
New best cost
1862774
#########################
New solution cost
1862430
Old best cost
1862774
New best cost
1862430
#########################
New solution cost
1837328
Old best cost
1862430
New best cost
1837328
And the cost is 
1837328The instance : 3_30_5_40
#########################
New solution cost
2416500
Old best cost
1000000000
New best cost
2416500
#########################
New solution cost
2179593
Old best cost
2416500
New best cost
2179593
#########################
New solution cost
2092548
Old best cost
2179593
New best cost
2092548
#########################
New solution cost
1981208
Old best cost
2092548
New best cost
1981208
#########################
New solution cost
1913039
Old best cost
1981208
New best cost
1913039
#########################
New solution cost
1909372
Old best cost
1913039
New best cost
1909372
#########################
New solution cost
1874539
Old best cost
1909372
New best cost
1874539
And the cost is 
1874539The instance : 3_30_5_80
#########################
New solution cost
2770842
Old best cost
1000000000
New best cost
2770842
#########################
New solution cost
2629779
Old best cost
2770842
New best cost
2629779
#########################
New solution cost
2592287
Old best cost
2629779
New best cost
2592287
#########################
New solution cost
2561531
Old best cost
2592287
New best cost
2561531
#########################
New solution cost
2486368
Old best cost
2561531
New best cost
2486368
#########################
New solution cost
2413199
Old best cost
2486368
New best cost
2413199
#########################
New solution cost
2396016
Old best cost
2413199
New best cost
2396016
#########################
New solution cost
2368106
Old best cost
2396016
New best cost
2368106
#########################
New solution cost
2345499
Old best cost
2368106
New best cost
2345499
#########################
New solution cost
2320488
Old best cost
2345499
New best cost
2320488
#########################
New solution cost
2285230
Old best cost
2320488
New best cost
2285230
#########################
New solution cost
2272607
Old best cost
2285230
New best cost
2272607
#########################
New solution cost
2215482
Old best cost
2272607
New best cost
2215482
#########################
New solution cost
2211232
Old best cost
2215482
New best cost
2211232
#########################
New solution cost
2172248
Old best cost
2211232
New best cost
2172248
#########################
New solution cost
2135738
Old best cost
2172248
New best cost
2135738
#########################
New solution cost
2121809
Old best cost
2135738
New best cost
2121809
#########################
New solution cost
2116414
Old best cost
2121809
New best cost
2116414
And the cost is 
2116414