┌ Error: Error adding value to column :OldUB. Maybe it was forgotten to require column element type promotion, which can be done by passing the promote=true keyword argument.
└ @ DataFrames ~/.julia/packages/DataFrames/LteEl/src/dataframe/insertion.jl:300
ERROR: LoadError: InexactError: Int64(Inf)
Stacktrace:
  [1] Int64
    @ ./float.jl:812 [inlined]
  [2] convert
    @ ./number.jl:7 [inlined]
  [3] setindex!
    @ ./array.jl:903 [inlined]
  [4] _unsafe_copyto!(dest::Vector{Int64}, doffs::Int64, src::Vector{Float64}, soffs::Int64, n::Int64)
    @ Base ./array.jl:253
  [5] unsafe_copyto!
    @ ./array.jl:307 [inlined]
  [6] _copyto_impl!
    @ ./array.jl:331 [inlined]
  [7] copyto!
    @ ./array.jl:317 [inlined]
  [8] append!(a::Vector{Int64}, items::Vector{Float64})
    @ Base ./array.jl:1046
  [9] _append_or_prepend!(df1::DataFrame, df2::DataFrame; cols::Symbol, promote::Bool, atend::Bool)
    @ DataFrames ~/.julia/packages/DataFrames/LteEl/src/dataframe/insertion.jl:242
 [10] #append!#339
    @ ~/.julia/packages/DataFrames/LteEl/src/dataframe/insertion.jl:84 [inlined]
 [11] append!(df1::DataFrame, df2::DataFrame)
    @ DataFrames ~/.julia/packages/DataFrames/LteEl/src/dataframe/insertion.jl:84
 [12] makeSolHeur(type1::String, type2::String, adjustproba::AdjustProba, alphaboat::Int64, alpharandom::Int64, time_local::Int64, max_time_heur::Int64, max_time::Int64, expname::String, minN::Int64, maxN::Int64)
    @ Main ~/code_git/MCBAP-multi-port-berth-allocation-problem/my_code/Heur_code/reactiveGRASP/countcost_nostage/get_sol.jl:195
 [13] top-level scope
    @ ~/code_git/MCBAP-multi-port-berth-allocation-problem/my_code/Heur_code/reactiveGRASP/countcost_nostage/get_sol.jl:215
in expression starting at /zhome/c3/6/164957/code_git/MCBAP-multi-port-berth-allocation-problem/my_code/Heur_code/reactiveGRASP/countcost_nostage/get_sol.jl:215
