ERROR: LoadError: Result index of attribute MathOptInterface.ObjectiveValue(1) out of bounds. There are currently 0 solution(s) in the model.
Stacktrace:
  [1] check_result_index_bounds(model::CPLEX.Optimizer, attr::MathOptInterface.ObjectiveValue)
    @ MathOptInterface ~/.julia/packages/MathOptInterface/8f6oN/src/attributes.jl:207
  [2] get(model::CPLEX.Optimizer, attr::MathOptInterface.ObjectiveValue)
    @ CPLEX ~/.julia/packages/CPLEX/Vd1Gd/src/MOI/MOI_wrapper.jl:3254
  [3] get(b::MathOptInterface.Bridges.LazyBridgeOptimizer{CPLEX.Optimizer}, attr::MathOptInterface.ObjectiveValue)
    @ MathOptInterface.Bridges ~/.julia/packages/MathOptInterface/8f6oN/src/Bridges/bridge_optimizer.jl:1067
  [4] _get_model_attribute(model::MathOptInterface.Utilities.CachingOptimizer{MathOptInterface.Bridges.LazyBridgeOptimizer{CPLEX.Optimizer}, MathOptInterface.Utilities.UniversalFallback{MathOptInterface.Utilities.Model{Float64}}}, attr::MathOptInterface.ObjectiveValue)
    @ MathOptInterface.Utilities ~/.julia/packages/MathOptInterface/8f6oN/src/Utilities/cachingoptimizer.jl:828
  [5] get
    @ ~/.julia/packages/MathOptInterface/8f6oN/src/Utilities/cachingoptimizer.jl:876 [inlined]
  [6] _moi_get_result(model::MathOptInterface.Utilities.CachingOptimizer{MathOptInterface.Bridges.LazyBridgeOptimizer{CPLEX.Optimizer}, MathOptInterface.Utilities.UniversalFallback{MathOptInterface.Utilities.Model{Float64}}}, args::MathOptInterface.ObjectiveValue)
    @ JuMP ~/.julia/packages/JuMP/pQApG/src/optimizer_interface.jl:640
  [7] get(model::Model, attr::MathOptInterface.ObjectiveValue)
    @ JuMP ~/.julia/packages/JuMP/pQApG/src/optimizer_interface.jl:660
  [8] objective_value(model::Model; result::Int64)
    @ JuMP ~/.julia/packages/JuMP/pQApG/src/objective.jl:54
  [9] objective_value
    @ ~/.julia/packages/JuMP/pQApG/src/objective.jl:54 [inlined]
 [10] CPLEXoptimize(N::Int64, Nout::Int64, seed::Int64, qli::Int64, time::Int64, location::String)
    @ Main ~/code_git/MCBAP-multi-port-berth-allocation-problem/my_code/CPLEX_code/MIP_big.jl:208
 [11] makeSoltest(time::Int64, location::String, seedchosen::Int64, Nchosen::Int64, Noutchosen::Int64, qlichosen::Int64)
    @ Main ~/code_git/MCBAP-multi-port-berth-allocation-problem/my_code/CPLEX_code/MIP_big.jl:254
 [12] top-level scope
    @ ~/code_git/MCBAP-multi-port-berth-allocation-problem/my_code/CPLEX_code/MIP_big.jl:280
in expression starting at /zhome/c3/6/164957/code_git/MCBAP-multi-port-berth-allocation-problem/my_code/CPLEX_code/MIP_big.jl:280
