ERROR: LoadError: SystemError: opening file "/zhome/c3/6/164957/code_git/results_jobs/benchmarks_CPLEX/sols_5400s/CPLEX_sol_2_70_5_80.csv": No such file or directory
Stacktrace:
  [1] systemerror(p::String, errno::Int32; extrainfo::Nothing)
    @ Base ./error.jl:174
  [2] #systemerror#68
    @ ./error.jl:173 [inlined]
  [3] systemerror
    @ ./error.jl:173 [inlined]
  [4] open(fname::String; lock::Bool, read::Nothing, write::Nothing, create::Nothing, truncate::Bool, append::Nothing)
    @ Base ./iostream.jl:293
  [5] open(fname::String, mode::String; lock::Bool)
    @ Base ./iostream.jl:355
  [6] open(fname::String, mode::String)
    @ Base ./iostream.jl:355
  [7] with(f::CSV.var"#107#109"{Bool, Bool, Tables.IteratorWrapper{Dict{Any, Any}}, CSV.Options{UInt8, UInt8, Nothing, Tuple{}, typeof(CSV._identity)}, Int64, Tables.Schema{(:first, :second), nothing}, Tuple{Symbol, Symbol}, Vector{UInt8}, Int64}, io::Any, append::Bool, compress::Bool)
    @ CSV ~/.julia/packages/CSV/b8ebJ/src/write.jl:286
  [8] write(::Nothing, rows::Tables.IteratorWrapper{Dict{Any, Any}}, file::String, opts::CSV.Options{UInt8, UInt8, Nothing, Tuple{}, typeof(CSV._identity)}; append::Bool, compress::Bool, header::Bool, bufsize::Int64, kw::Base.Pairs{Symbol, Union{}, Tuple{}, NamedTuple{(), Tuple{}}})
    @ CSV ~/.julia/packages/CSV/b8ebJ/src/write.jl:258
  [9] write(file::String, itr::Dict{Any, Any}; append::Bool, compress::Bool, writeheader::Nothing, partition::Bool, kw::Base.Pairs{Symbol, Union{}, Tuple{}, NamedTuple{(), Tuple{}}})
    @ CSV ~/.julia/packages/CSV/b8ebJ/src/write.jl:199
 [10] write(file::String, itr::Dict{Any, Any})
    @ CSV ~/.julia/packages/CSV/b8ebJ/src/write.jl:168
 [11] makeSoltest(time::Int64, location::String, seedchosen::Int64, Nchosen::Int64, Noutchosen::Int64, qlichosen::Int64)
    @ Main ~/code_git/MCBAP-multi-port-berth-allocation-problem/my_code/CPLEX_code/MIP_big.jl:260
 [12] top-level scope
    @ ~/code_git/MCBAP-multi-port-berth-allocation-problem/my_code/CPLEX_code/MIP_big.jl:281
in expression starting at /zhome/c3/6/164957/code_git/MCBAP-multi-port-berth-allocation-problem/my_code/CPLEX_code/MIP_big.jl:281
