ERROR: LoadError: SystemError: opening file "/zhome/c3/6/164957/code_git/results_jobs/benchmarks_HEUR/finalGRASP/GRASPonly4local21_01_02/explanations.txt": No such file or directory
Stacktrace:
  [1] systemerror(p::String, errno::Int32; extrainfo::Nothing)
    @ Base ./error.jl:174
  [2] #systemerror#68
    @ ./error.jl:173 [inlined]
  [3] systemerror
    @ ./error.jl:173 [inlined]
  [4] open(fname::String; lock::Bool, read::Nothing, write::Nothing, create::Nothing, truncate::Bool, append::Nothing)
    @ Base ./iostream.jl:293
  [5] open(fname::String, mode::String; lock::Bool)
    @ Base ./iostream.jl:355
  [6] open(fname::String, mode::String)
    @ Base ./iostream.jl:355
  [7] open(::var"#407#408"{String, String, String, String, String, String, String, String, String, String, String, String, String, String, String, String, String, String, String, String, String}, ::String, ::Vararg{String}; kwargs::Base.Pairs{Symbol, Union{}, Tuple{}, NamedTuple{(), Tuple{}}})
    @ Base ./io.jl:328
  [8] open
    @ ./io.jl:328 [inlined]
  [9] makeExpText(temperature::Float64, paramfixed::FixedParameters, time_local::Int64, max_time_heur::Int64, max_time::Int64, expname::String, location::String)
    @ Main ~/code_git/MCBAP-multi-port-berth-allocation-problem/my_code/Heur_code/finalGRASP/GRASPonly4local21_01_2/get_sol.jl:166
 [10] top-level scope
    @ ~/code_git/MCBAP-multi-port-berth-allocation-problem/my_code/Heur_code/finalGRASP/GRASPonly4local21_01_2/get_sol.jl:386
in expression starting at /zhome/c3/6/164957/code_git/MCBAP-multi-port-berth-allocation-problem/my_code/Heur_code/finalGRASP/GRASPonly4local21_01_2/get_sol.jl:386
