The instance : 2_30_10_40
Initial cost: 
3.9011046811477956e6
Initial cost: 
3.939848293118257e6
Initial cost: 
3.8947646931369067e6
Initial cost: 
3.3553359567073886e6
Initial cost: 
3.1645122581785256e6
Initial cost: 
3.9385222156053907e6
Initial cost: 
3.093177446418221e6
Initial cost: 
3.0863504639616855e6
Initial cost: 
3.9608391414271025e6
Initial cost: 
3.0862504639616855e6
Initial cost: 
3.7521228050257307e6
Initial cost: 
3.1374685757263917e6
Initial cost: 
3.8934747788688564e6
Initial cost: 
3.700262839496245e6
Initial cost: 
3.0877504639616855e6
Initial cost: 
3.1932890225852034e6
Initial cost: 
3.7841290575001375e6
Initial cost: 
3.085110926314627e6
Initial cost: 
3.6547167613645107e6
Initial cost: 
3.1306731297463174e6
Initial cost: 
3.6338718929158766e6
Initial cost: 
3.1039121980793327e6
Initial cost: 
3.7429199041274674e6
Initial cost: 
3.641331488162764e6
Initial cost: 
3.067664068524678e6
Initial cost: 
3.846824379540526e6
Initial cost: 
3.0680247136859684e6
Initial cost: 
3.931948832775274e6
Initial cost: 
3.7374111101910747e6
Initial cost: 
3.074207421465854e6
Initial cost: 
3.8719250006322414e6
Initial cost: 
3.0842025884251753e6
Initial cost: 
3.474854236469306e6
Initial cost: 
3.6912198981824066e6
Initial cost: 
3.0667916214658543e6
Initial cost: 
3.0505263922529873e6
Initial cost: 
3.6655040919629126e6
Initial cost: 
3.7057231547865756e6
Initial cost: 
3.008434971650598e6
Initial cost: 
3.0214414889129507e6
Initial cost: 
3.010179865768245e6
Initial cost: 
3.6538124168951996e6
Initial cost: 
3.6292208509732275e6
Initial cost: 
3.0180589982657772e6
Initial cost: 
3.0449325195149886e6
Initial cost: 
3.5095527042292533e6
Initial cost: 
3.6810817409361363e6
Initial cost: 
3.0006016555763693e6
Initial cost: 
3.712872445987854e6
Initial cost: 
3.7939474091083314e6
Initial cost: 
3.002111867341075e6
Initial cost: 
3.4720904594551953e6
Initial cost: 
3.7914742902831207e6
Initial cost: 
3.0052394202822517e6
Initial cost: 
3.8014677277076286e6
Initial cost: 
3.0435418421347644e6
Initial cost: 
3.5938470366324354e6
Initial cost: 
3.1008310754183363e6
Initial cost: 
3.8109985807446865e6
Initial cost: 
3.539684850330249e6
Initial cost: 
2.9985081210724185e6
Initial cost: 
3.0104933831446995e6
Initial cost: 
3.728537711825099e6
Initial cost: 
2.997111867341075e6
Initial cost: 
3.792033508549405e6
Initial cost: 
3.009326126164605e6
Initial cost: 
2.997111867341075e6
Initial cost: 
3.816393652058465e6
Initial cost: 
2.9980883991057808e6
Initial cost: 
3.0441692866959143e6
Initial cost: 
3.591054419338507e6
Initial cost: 
2.996990320850575e6
Initial cost: 
3.675693789018632e6
Initial cost: 
3.102450360960186e6
Initial cost: 
3.140955281747147e6
Initial cost: 
3.0370827121549225e6
Initial cost: 
3.6253892967600366e6
Initial cost: 
2.996990320850575e6
Initial cost: 
3.633633945738993e6
Initial cost: 
3.0919622060516505e6
Initial cost: 
3.0330243474405776e6
Initial cost: 
2.996990320850575e6
Initial cost: 
3.7130864826234113e6
Initial cost: 
3.0069984269078644e6
Initial cost: 
3.7689420719444216e6
Initial cost: 
3.6826337298495215e6
Initial cost: 
3.007990320850575e6
Initial cost: 
3.6398442269532504e6
Initial cost: 
3.222393991424566e6
Initial cost: 
3.0077938813766856e6
Initial cost: 
3.461313580259244e6
Initial cost: 
3.051178707947349e6
Initial cost: 
2.9890568865865744e6
Initial cost: 
3.041133297396207e6
Initial cost: 
2.9890568865865744e6
Initial cost: 
3.6657104037382067e6
Initial cost: 
3.076123933077973e6
Initial cost: 
3.6743175238586576e6
Initial cost: 
3.0126186664034855e6
Initial cost: 
3.7036157284336532e6
Initial cost: 
3.546769143733966e6
Initial cost: 
3.0828802733293315e6
Initial cost: 
3.7056064732723082e6
Initial cost: 
2.9466308358960035e6
Initial cost: 
3.5453030557749467e6
Initial cost: 
2.946369101778357e6
Initial cost: 
2.9899288620914617e6
Initial cost: 
3.720598996791692e6
Initial cost: 
2.9487502194254156e6
Initial cost: 
3.7773343680406953e6
Initial cost: 
2.936770469744857e6
Initial cost: 
2.978770469744857e6
Initial cost: 
2.9586474606860303e6
Initial cost: 
2.990723422301328e6
Initial cost: 
3.560716380796897e6
Initial cost: 
3.7241365328616477e6
Initial cost: 
3.7838968427985553e6
Initial cost: 
2.9639370465666307e6
Initial cost: 
3.0381893632552936e6
Initial cost: 
2.9389672551356857e6
Initial cost: 
3.611624348643566e6
Initial cost: 
2.937206693274269e6
Initial cost: 
3.5688989211548083e6
Initial cost: 
2.9741716655604825e6
Initial cost: 
2.936770469744857e6
Initial cost: 
3.7246471571130063e6
Initial cost: 
2.936770469744857e6
Initial cost: 
3.030230185003686e6
Initial cost: 
2.936770469744857e6
Initial cost: 
3.564933190913739e6
Initial cost: 
2.936770469744857e6
Initial cost: 
3.795753152055878e6
Initial cost: 
3.8034842141131493e6
Initial cost: 
3.0116475665190504e6
Initial cost: 
3.801771926091801e6
Initial cost: 
2.9702362031343966e6
Initial cost: 
2.936770469744857e6
Initial cost: 
3.019775481509563e6
Initial cost: 
3.685370391370436e6
Initial cost: 
2.936639602686033e6
Initial cost: 
3.7342961106725605e6
Initial cost: 
2.936639602686033e6
Initial cost: 
2.9383423837805605e6
Initial cost: 
2.979934980286702e6
Initial cost: 
3.0713878398379e6
Initial cost: 
3.7736731457168846e6
Initial cost: 
2.9520823434777977e6
Initial cost: 
3.429352892698422e6
Initial cost: 
2.936639602686033e6
Initial cost: 
3.4834663106332133e6
Initial cost: 
2.944746295282533e6
Initial cost: 
3.078369160668418e6
Initial cost: 
2.944771687263148e6
Initial cost: 
3.6062545538927247e6
Initial cost: 
2.9421923968036803e6
Initial cost: 
3.0863717148275846e6
Initial cost: 
3.738338659297755e6
Initial cost: 
2.968407895661014e6
Initial cost: 
3.5545390112334676e6
Initial cost: 
2.9911580276222825e6
Initial cost: 
2.937000247847324e6
Initial cost: 
2.956686474795415e6
Initial cost: 
2.981960254859946e6
Initial cost: 
3.756006578267082e6
Initial cost: 
3.633874970153182e6
Initial cost: 
2.939256943862504e6
Initial cost: 
2.936600420361702e6
Initial cost: 
3.7464859073975566e6
Initial cost: 
2.939374734321316e6
Initial cost: 
2.9178100921987076e6
Initial cost: 
3.038152149075012e6
Initial cost: 
2.9006522886314997e6
Initial cost: 
2.923349931746586e6
Initial cost: 
2.899395405370996e6
Initial cost: 
3.648629609135917e6
Initial cost: 
3.4883158941123737e6
Initial cost: 
2.899395405370996e6
Initial cost: 
2.9265180236447826e6
Initial cost: 
2.9758901335544474e6
Initial cost: 
2.8995400259132897e6
Initial cost: 
2.891877134917309e6
Initial cost: 
3.5863107964426493e6
Initial cost: 
2.8649367650437243e6
Initial cost: 
3.656470239865395e6
Initial cost: 
3.112861922784433e6
Initial cost: 
2.864509212102548e6
Initial cost: 
3.4500756098881983e6
Initial cost: 
2.8934711686242875e6
Initial cost: 
2.866309212102548e6
Initial cost: 
2.9531019577509956e6
Initial cost: 
2.87380719388623e6
Initial cost: 
3.551928920085475e6
Initial cost: 
3.6769151504968256e6
Initial cost: 
2.9236321153283548e6
Initial cost: 
2.8649771275254334e6
Initial cost: 
2.864509212102548e6
Initial cost: 
3.686156637808858e6
Initial cost: 
2.87644543563196e6
Initial cost: 
2.8640729885731363e6
Initial cost: 
3.685873550157694e6
Initial cost: 
2.9317305142695294e6
Initial cost: 
3.7285567241217536e6
Initial cost: 
2.9267199757031673e6
Initial cost: 
2.8640729885731363e6
Initial cost: 
2.8655729885731363e6
Initial cost: 
3.768848859441443e6
Initial cost: 
2.8809207248915443e6
Initial cost: 
2.861283795244342e6
Initial cost: 
2.850405912464574e6
Initial cost: 
2.823905912464573e6
Initial cost: 
3.6961713075763634e6
Initial cost: 
3.7635315857665623e6
Initial cost: 
2.8618957006998677e6
Initial cost: 
2.9082496647273144e6
Initial cost: 
3.4103366274413993e6
Initial cost: 
2.825190707371073e6
Initial cost: 
3.689400727228676e6
Initial cost: 
2.8441415990579203e6
Initial cost: 
3.3905133161774967e6
Initial cost: 
3.071508483608853e6
Initial cost: 
2.823905912464573e6
Initial cost: 
2.835220018773754e6
Initial cost: 
3.7121973020595987e6
Initial cost: 
2.8266951057933676e6
Initial cost: 
2.8217247948175143e6
Initial cost: 
2.8291106643827315e6
Initial cost: 
2.851366099165341e6
Initial cost: 
2.917523716931053e6
Initial cost: 
2.8545983985219453e6
Initial cost: 
3.7103989397588177e6
Initial cost: 
2.8217247948175143e6
Initial cost: 
3.402598959710684e6
Initial cost: 
2.8432067301408974e6
Initial cost: 
2.9809898467866303e6
Initial cost: 
3.49808766983944e6
Initial cost: 
2.849753133125972e6
Initial cost: 
2.8656715520366495e6
Initial cost: 
2.822085439978805e6
Initial cost: 
2.8554792986512873e6
Initial cost: 
3.6883929781725914e6
Initial cost: 
2.8217247948175143e6
Initial cost: 
3.581847941774958e6
Initial cost: 
2.852751968730558e6
Initial cost: 
3.629302470940996e6
Initial cost: 
2.831817186121862e6
Initial cost: 
2.8217247948175143e6
Initial cost: 
2.8217247948175143e6
Initial cost: 
2.812299729322779e6
Initial cost: 
2.8126603744840696e6
Initial cost: 
2.812299729322779e6
Initial cost: 
3.6536431578240176e6
Initial cost: 
3.6143157093883357e6
Initial cost: 
2.945135219759212e6
Initial cost: 
3.7173339041067357e6
Initial cost: 
3.6094726545977737e6
Initial cost: 
3.0583834181141173e6
Initial cost: 
2.8294272822639556e6
Initial cost: 
3.6056571554909665e6
Initial cost: 
2.812299729322779e6
Initial cost: 
3.601482681519293e6
Initial cost: 
3.557422432594652e6
Initial cost: 
2.873037471258263e6
Initial cost: 
2.812299729322779e6
Initial cost: 
3.5779364675896033e6
Initial cost: 
3.4487896740139537e6
Initial cost: 
2.812299729322779e6
Initial cost: 
3.47876066258216e6
Initial cost: 
2.826081664646162e6
Initial cost: 
2.8744162999110147e6
Initial cost: 
2.8286911795715354e6
Initial cost: 
3.5964536870710254e6
Initial cost: 
2.8643571486776182e6
Initial cost: 
3.588819160279836e6
Initial cost: 
2.812037995205132e6
Initial cost: 
2.812737995205132e6
Initial cost: 
3.3810808125248346e6
Initial cost: 
2.875553196182598e6
Initial cost: 
3.639173551950375e6
Initial cost: 
2.8694771883751536e6
Initial cost: 
3.4991548329777857e6
Initial cost: 
2.914703218646748e6
Initial cost: 
2.8225644840096864e6
Initial cost: 
2.823138333396528e6
Initial cost: 
2.811776261087485e6
Initial cost: 
2.850077456903111e6
Initial cost: 
2.811776261087485e6
Initial cost: 
2.811776261087485e6
Initial cost: 
2.811776261087485e6
Initial cost: 
2.811776261087485e6
Initial cost: 
3.5136994786846926e6
Initial cost: 
3.5838782727456763e6
Initial cost: 
2.811776261087485e6
Initial cost: 
2.811876261087485e6
Initial cost: 
3.6550491466481e6
Initial cost: 
3.6823383927269382e6
Initial cost: 
2.842056064658525e6
Initial cost: 
3.7002837361271745e6
Initial cost: 
2.8184075353631657e6
Initial cost: 
2.812648708146309e6
Initial cost: 
3.543350619811339e6
Initial cost: 
2.8405969132613987e6
Initial cost: 
3.6982152867267025e6
Initial cost: 
3.6113391091637523e6
Initial cost: 
2.811776261087485e6
Initial cost: 
2.826368652391833e6
Initial cost: 
2.996752748893823e6
Initial cost: 
3.5889706598672913e6
Initial cost: 
2.8119071281463085e6
Initial cost: 
2.8178033161507742e6
Initial cost: 
2.8230417438958636e6
Initial cost: 
2.9020336997573776e6
Initial cost: 
2.811576261087485e6
Initial cost: 
3.6960220441185036e6
Initial cost: 
3.559553580737517e6
Initial cost: 
2.848197540212786e6
Initial cost: 
2.811576261087485e6
Initial cost: 
3.6027455712720463e6
Initial cost: 
2.9222511770495106e6
Initial cost: 
2.811576261087485e6
Initial cost: 
2.8242691958700935e6
Initial cost: 
3.5435604301735475e6
Initial cost: 
2.8374288008884806e6
Initial cost: 
2.8505660493227798e6
Initial cost: 
2.8140124013170237e6
Initial cost: 
3.4547237321782443e6
Initial cost: 
3.702862914380964e6
Initial cost: 
3.3084967035059338e6
Initial cost: 
2.8547175654353118e6
Initial cost: 
3.633365833847103e6
Initial cost: 
2.811936906248776e6
Initial cost: 
2.811936906248776e6
Initial cost: 
3.512094156678227e6
Initial cost: 
3.482594169979403e6
Initial cost: 
2.8479640571073857e6
Initial cost: 
3.6266902956400192e6
Initial cost: 
2.8167972795233964e6
Initial cost: 
3.5795387912214305e6
Initial cost: 
2.812012484616897e6
Initial cost: 
2.811576261087485e6
Initial cost: 
2.812076261087485e6
Initial cost: 
3.560684359516901e6
Initial cost: 
2.816995918296687e6
Initial cost: 
2.811576261087485e6
Initial cost: 
2.812076261087485e6
Initial cost: 
2.924341852782288e6
Initial cost: 
2.878699164313292e6
Initial cost: 
3.6318319609188777e6
Initial cost: 
3.8452191791112605e6
Initial cost: 
3.640278758820611e6
Initial cost: 
3.7830650375501197e6
Initial cost: 
3.909156108630412e6
Initial cost: 
3.6395399125363585e6
Initial cost: 
3.3049791117890365e6
Initial cost: 
3.111107075437623e6
Initial cost: 
3.16226400826129e6
Initial cost: 
3.95280399382708e6
Initial cost: 
3.593214196912793e6
Initial cost: 
3.0478736623550216e6
Initial cost: 
3.0816872718345565e6
Initial cost: 
3.8900958025762676e6
Initial cost: 
3.140655989443827e6
Initial cost: 
3.050678813447155e6
Initial cost: 
2.998090497289507e6
Initial cost: 
3.8577749745401577e6
Initial cost: 
3.735788638558975e6
Initial cost: 
2.959067759361788e6
Initial cost: 
3.808789924844409e6
Initial cost: 
3.942615175184026e6
Initial cost: 
2.937373131133858e6
Initial cost: 
3.7797022247694707e6
Initial cost: 
2.922467398414692e6
Initial cost: 
3.6587189815878803e6
Initial cost: 
2.9730809357281253e6
Initial cost: 
3.574010462890551e6
Initial cost: 
2.9757709696988077e6
Initial cost: 
2.9464402093599653e6
Initial cost: 
3.4897510575172254e6
Initial cost: 
2.9462240750316074e6
Initial cost: 
3.650306455191955e6
Initial cost: 
3.7994336381285177e6
Initial cost: 
2.922167398414692e6
Initial cost: 
3.7853394510167e6
Initial cost: 
2.922267398414692e6
Initial cost: 
2.9247847395911627e6
Initial cost: 
3.4205861869851523e6
Initial cost: 
3.0910975625741743e6
Initial cost: 
3.633768653471087e6
Initial cost: 
3.643775222481253e6
Initial cost: 
3.6773465180358766e6
Initial cost: 
2.939966296522358e6
Initial cost: 
2.983378366156628e6
Initial cost: 
3.731903641553763e6
Initial cost: 
3.507094037836575e6
Initial cost: 
3.5936906845069355e6
Initial cost: 
2.992653355310849e6
Initial cost: 
3.064734128021586e6
Initial cost: 
3.7065460285609113e6
Initial cost: 
2.923167398414692e6
Initial cost: 
3.6438801590439957e6
Initial cost: 
2.92281927154902e6
Initial cost: 
3.7114154069945207e6
Initial cost: 
2.94083383772844e6
Initial cost: 
2.922167398414692e6
Initial cost: 
2.9201261212199004e6
Initial cost: 
2.9734775599970864e6
Initial cost: 
3.64385231137422e6
Initial cost: 
2.9049128954134486e6
Initial cost: 
2.9059948308973196e6
Initial cost: 
2.9049128954134486e6
Initial cost: 
2.9243593307075663e6
Initial cost: 
3.0695588370131487e6
And the cost is 
2.9049128954134486e6The instance : 2_30_10_80
Initial cost: 
4.651421593554944e6
Initial cost: 
3.717012597666368e6
Initial cost: 
3.671741664120301e6
Initial cost: 
3.683137194729406e6
Initial cost: 
3.6687667642688393e6
Initial cost: 
3.656040224618522e6
Initial cost: 
3.6552464872371177e6
Initial cost: 
4.708265149592331e6
Initial cost: 
3.655318934295941e6
Initial cost: 
4.0974970436275415e6
Initial cost: 
3.6544464872371177e6
Initial cost: 
3.655369955472412e6
Initial cost: 
3.6635464872371177e6
Initial cost: 
3.658125641465973e6
Initial cost: 
3.655755157825353e6
Initial cost: 
3.6544464872371177e6
Initial cost: 
3.6545464872371177e6
Initial cost: 
4.384264488352859e6
Initial cost: 
3.6544464872371177e6
Initial cost: 
4.1047699282383285e6
Initial cost: 
3.6544464872371177e6
Initial cost: 
3.665153008976248e6
Initial cost: 
4.564805422014582e6
Initial cost: 
3.6544464872371177e6
Initial cost: 
3.6544464872371177e6
Initial cost: 
3.6680008350632046e6
Initial cost: 
3.708504739962289e6
Initial cost: 
3.646670223833257e6
Initial cost: 
4.687761078838234e6
Initial cost: 
3.646670223833257e6
Initial cost: 
3.7015832673115176e6
Initial cost: 
4.539647762197535e6
Initial cost: 
3.640966579554315e6
Initial cost: 
3.7825427025144673e6
Initial cost: 
3.641687869876896e6
Initial cost: 
3.640966579554315e6
Initial cost: 
3.640966579554315e6
Initial cost: 
3.641687869876896e6
Initial cost: 
3.651984496733127e6
Initial cost: 
3.640966579554315e6
Initial cost: 
4.69553379000752e6
Initial cost: 
3.6550461560249035e6
Initial cost: 
3.6465634972013743e6
Initial cost: 
3.6575634972013743e6
Initial cost: 
4.689473749655615e6
Initial cost: 
3.640966579554315e6
Initial cost: 
4.441369449223096e6
Initial cost: 
4.510843469312015e6
Initial cost: 
3.853955128310534e6
Initial cost: 
3.828563451758003e6
Initial cost: 
3.695379623032576e6
Initial cost: 
3.690343353747864e6
Initial cost: 
3.646201261907256e6
Initial cost: 
4.501340721468074e6
Initial cost: 
3.640966579554315e6
Initial cost: 
3.653063497201374e6
Initial cost: 
3.641184691319021e6
Initial cost: 
3.6446457337831706e6
Initial cost: 
3.6540737089660796e6
Initial cost: 
4.42756269000364e6
Initial cost: 
3.588854603277872e6
Initial cost: 
3.588854603277872e6
Initial cost: 
4.441399352758947e6
Initial cost: 
4.638775734976345e6
Initial cost: 
3.6532055710198074e6
Initial cost: 
3.6419089511039588e6
Initial cost: 
4.579630204415782e6
Initial cost: 
3.5944515209249305e6
Initial cost: 
3.586854603277872e6
Initial cost: 
3.586854603277872e6
Initial cost: 
3.586854603277872e6
Initial cost: 
3.6629089511039588e6
Initial cost: 
3.586854603277872e6
Initial cost: 
3.586854603277872e6
Initial cost: 
4.624148004217261e6
Initial cost: 
4.418929910693453e6
Initial cost: 
3.8476282899571895e6
Initial cost: 
3.591854603277872e6
Initial cost: 
3.786544219584673e6
Initial cost: 
3.7226251881504757e6
Initial cost: 
3.821943463239921e6
Initial cost: 
3.6024469945822195e6
Initial cost: 
4.658420859679574e6
Initial cost: 
3.632466991337573e6
Initial cost: 
3.5970337575067277e6
Initial cost: 
3.6927139520444754e6
Initial cost: 
4.696734773411555e6
Initial cost: 
3.586854603277872e6
Initial cost: 
3.6074552886634804e6
Initial cost: 
3.549992759308813e6
Initial cost: 
3.558245792238113e6
Initial cost: 
3.548280474591054e6
Initial cost: 
3.570451756754242e6
Initial cost: 
3.544453692238113e6
Initial cost: 
3.546442149795049e6
Initial cost: 
4.467268837146841e6
Initial cost: 
4.420584190429911e6
Initial cost: 
3.646836383713951e6
Initial cost: 
4.692181761295755e6
Initial cost: 
3.56216859090984e6
Initial cost: 
3.544553692238113e6
Initial cost: 
3.544453692238113e6
Initial cost: 
4.2932582108424e6
Initial cost: 
3.556785292238113e6
Initial cost: 
3.5645403981204657e6
Initial cost: 
3.544453692238113e6
Initial cost: 
3.5707985863557598e6
Initial cost: 
3.544453692238113e6
Initial cost: 
4.18123244082866e6
Initial cost: 
3.5530233907169662e6
Initial cost: 
4.333515572734621e6
Initial cost: 
3.549977160473407e6
Initial cost: 
3.573443480473407e6
Initial cost: 
3.618101111592952e6
Initial cost: 
3.556285292238113e6
Initial cost: 
3.546953692238113e6
Initial cost: 
3.560295504002819e6
Initial cost: 
3.5586413773709363e6
Initial cost: 
3.544453692238113e6
Initial cost: 
4.401409907027809e6
Initial cost: 
3.5787934009003486e6
Initial cost: 
3.546353692238113e6
Initial cost: 
4.933210266112922e6
Initial cost: 
4.825557379750746e6
Initial cost: 
4.180471127826444e6
Initial cost: 
4.627041103017371e6
Initial cost: 
4.807885727341869e6
Initial cost: 
4.0812558164280104e6
Initial cost: 
4.961661429559417e6
Initial cost: 
3.9424698507352048e6
Initial cost: 
4.932008833175446e6
Initial cost: 
4.811624214900641e6
Initial cost: 
5.036007328681807e6
Initial cost: 
4.0516090692533646e6
Initial cost: 
4.770839461080288e6
Initial cost: 
3.9308920707724076e6
Initial cost: 
4.942908117933257e6
Initial cost: 
3.974569335648806e6
Initial cost: 
5.022686229362155e6
Initial cost: 
3.9094670582404374e6
Initial cost: 
5.086419492315674e6
Initial cost: 
3.888761965151044e6
Initial cost: 
4.495009156891275e6
Initial cost: 
4.848612964887774e6
Initial cost: 
3.7385788152398933e6
Initial cost: 
4.542564200536542e6
Initial cost: 
4.702002554608994e6
Initial cost: 
3.724279609307361e6
Initial cost: 
3.6765091352094384e6
Initial cost: 
4.480059533249718e6
Initial cost: 
4.795696722777802e6
Initial cost: 
4.731601018448724e6
Initial cost: 
3.675207221101275e6
Initial cost: 
4.849140944558477e6
Initial cost: 
4.511750998592633e6
Initial cost: 
3.6754511605974054e6
Initial cost: 
4.879701558430794e6
Initial cost: 
3.678942866516145e6
Initial cost: 
3.659766206206803e6
Initial cost: 
4.742065347361929e6
Initial cost: 
4.832842796621649e6
Initial cost: 
3.7180494867694634e6
Initial cost: 
4.367856276663823e6
Initial cost: 
4.632125589968939e6
Initial cost: 
3.893075495875086e6
Initial cost: 
3.655513681455434e6
Initial cost: 
4.800304118299481e6
Initial cost: 
3.6539988974456913e6
Initial cost: 
3.6584072298425306e6
Initial cost: 
4.527949082188175e6
Initial cost: 
3.81957474407403e6
Initial cost: 
3.6595972130209026e6
Initial cost: 
3.6697914439222263e6
Initial cost: 
4.704523857662785e6
Initial cost: 
3.660923806320998e6
Initial cost: 
4.406181298409802e6
Initial cost: 
3.6555583865787736e6
Initial cost: 
4.7415419397641625e6
Initial cost: 
3.669533167480106e6
Initial cost: 
4.787455406821752e6
Initial cost: 
4.565136992426528e6
Initial cost: 
3.65168593951995e6
Initial cost: 
3.6597928649857887e6
Initial cost: 
3.6663486838459717e6
Initial cost: 
3.8545604395369524e6
Initial cost: 
3.6911080473974906e6
Initial cost: 
4.485439759927093e6
Initial cost: 
3.65168593951995e6
Initial cost: 
3.6920546491973693e6
Initial cost: 
3.6545453051915914e6
Initial cost: 
3.65168593951995e6
Initial cost: 
3.658552760696421e6
Initial cost: 
3.65168593951995e6
Initial cost: 
3.65168593951995e6
Initial cost: 
4.717385654285804e6
Initial cost: 
3.65168593951995e6
Initial cost: 
3.654652760696421e6
Initial cost: 
3.7933364179985253e6
Initial cost: 
4.735547289456824e6
Initial cost: 
3.6673032806964205e6
Initial cost: 
4.681850658254041e6
Initial cost: 
3.6604483697571456e6
Initial cost: 
3.6582511569112544e6
Initial cost: 
3.687251156911255e6
Initial cost: 
3.6678134924611263e6
Initial cost: 
3.65168593951995e6
Initial cost: 
3.65168593951995e6
Initial cost: 
3.6545453051915914e6
Initial cost: 
4.678996362697076e6
Initial cost: 
3.6686676190930093e6
Initial cost: 
3.65168593951995e6
Initial cost: 
4.795570210637106e6
Initial cost: 
3.677930833637597e6
Initial cost: 
4.646349117438725e6
Initial cost: 
4.7679551487894785e6
Initial cost: 
3.652952760696421e6
Initial cost: 
3.67315825186816e6
Initial cost: 
3.737764120230585e6
Initial cost: 
3.6553650937488056e6
Initial cost: 
4.537867045263593e6
Initial cost: 
3.6767914439222263e6
Initial cost: 
4.376500029803225e6
Initial cost: 
4.7291570853493e6
Initial cost: 
3.6555583865787736e6
Initial cost: 
4.795131596391576e6
Initial cost: 
3.65258593951995e6
Initial cost: 
3.65168593951995e6
Initial cost: 
4.617160939444872e6
Initial cost: 
3.6955518002552567e6
Initial cost: 
4.74278841273506e6
Initial cost: 
3.6535643930294504e6
Initial cost: 
3.665590195241009e6
Initial cost: 
3.682907229842531e6
Initial cost: 
3.666399790451627e6
Initial cost: 
4.717208071136911e6
Initial cost: 
3.7044282128302054e6
Initial cost: 
4.524332540542743e6
Initial cost: 
3.6637859395199497e6
Initial cost: 
3.6516863763352144e6
Initial cost: 
4.347280364496728e6
Initial cost: 
3.6758914439222263e6
Initial cost: 
4.737563839532197e6
Initial cost: 
3.6787131134329936e6
Initial cost: 
3.8423404890914448e6
Initial cost: 
4.728495417938312e6
Initial cost: 
3.65168593951995e6
Initial cost: 
4.657006602357418e6
Initial cost: 
3.670441045402303e6
Initial cost: 
3.65168593951995e6
Initial cost: 
3.65168593951995e6
Initial cost: 
3.6991996218728917e6
Initial cost: 
3.65918593951995e6
Initial cost: 
3.6655636615568246e6
Initial cost: 
4.747378201719567e6
Initial cost: 
3.65168593951995e6
Initial cost: 
3.653151487907047e6
Initial cost: 
4.689890380758423e6
Initial cost: 
3.687981265339547e6
Initial cost: 
4.716288855574206e6
Initial cost: 
3.65168593951995e6
Initial cost: 
3.6947194536313154e6
Initial cost: 
3.6711657467305767e6
Initial cost: 
3.65168593951995e6
Initial cost: 
3.7915922227433478e6
Initial cost: 
3.676569233601211e6
Initial cost: 
4.503884667252814e6
Initial cost: 
3.6509962767045693e6
Initial cost: 
4.731474596930931e6
Initial cost: 
4.767592139267527e6
Initial cost: 
3.8053473960396787e6
Initial cost: 
3.6509962767045693e6
Initial cost: 
4.626756332391915e6
Initial cost: 
4.341123461348341e6
Initial cost: 
3.6716017811068455e6
Initial cost: 
4.527601489070842e6
Initial cost: 
4.5886880007117875e6
Initial cost: 
3.658653485689393e6
Initial cost: 
4.720007097096219e6
Initial cost: 
4.731047163879059e6
Initial cost: 
3.660506488469275e6
Initial cost: 
3.694545308962634e6
Initial cost: 
3.6509962767045693e6
Initial cost: 
4.519312471186997e6
Initial cost: 
3.703263504664725e6
Initial cost: 
3.6694091799303754e6
Initial cost: 
4.704996869882849e6
Initial cost: 
3.6978962767045693e6
Initial cost: 
3.6509962767045693e6
Initial cost: 
3.649997468193931e6
Initial cost: 
3.661982230119931e6
Initial cost: 
4.520713552131841e6
Initial cost: 
3.650297468193931e6
Initial cost: 
3.728964696154087e6
Initial cost: 
3.6548751902308054e6
Initial cost: 
3.649997468193931e6
Initial cost: 
4.511980787740722e6
Initial cost: 
3.672418805753453e6
Initial cost: 
3.667166911834551e6
Initial cost: 
3.649997468193931e6
Initial cost: 
4.670885343115122e6
Initial cost: 
3.657382230119931e6
Initial cost: 
3.679882629484254e6
Initial cost: 
3.649997468193931e6
Initial cost: 
4.69716483357349e6
Initial cost: 
3.715111016581028e6
Initial cost: 
3.667742362311578e6
Initial cost: 
4.5237113436022885e6
Initial cost: 
3.6925924214988346e6
Initial cost: 
3.649997468193931e6
Initial cost: 
4.305542857567052e6
Initial cost: 
3.649997468193931e6
Initial cost: 
3.650297468193931e6
Initial cost: 
3.6981699152527545e6
Initial cost: 
3.6497804652088564e6
Initial cost: 
4.449495465933015e6
Initial cost: 
3.6516589187183566e6
Initial cost: 
4.598357406669657e6
Initial cost: 
3.6497804652088564e6
Initial cost: 
4.592142521293149e6
Initial cost: 
3.6497804652088564e6
Initial cost: 
3.8192482028780864e6
Initial cost: 
3.709894013595953e6
Initial cost: 
4.581001255592881e6
Initial cost: 
4.426146804463467e6
Initial cost: 
3.651947637289629e6
Initial cost: 
3.6801656264991793e6
Initial cost: 
4.546496048913612e6
Initial cost: 
3.7164964477945357e6
Initial cost: 
4.534874831570665e6
Initial cost: 
3.7033428378685983e6
Initial cost: 
3.6532398308804976e6
Initial cost: 
3.6497804652088564e6
Initial cost: 
4.343780292801059e6
Initial cost: 
3.662665626499179e6
Initial cost: 
4.613028278461529e6
Initial cost: 
3.6510891357970918e6
Initial cost: 
3.6497804652088564e6
Initial cost: 
3.8222785299975197e6
Initial cost: 
4.7094909637733335e6
Initial cost: 
3.723640203621806e6
Initial cost: 
3.6597285262024524e6
Initial cost: 
3.6483433649121295e6
Initial cost: 
3.667870538825173e6
Initial cost: 
3.659761167071452e6
Initial cost: 
4.531952426673132e6
Initial cost: 
3.6568454680146e6
Initial cost: 
4.540410906505568e6
Initial cost: 
3.709710787712368e6
Initial cost: 
3.6561485861645015e6
Initial cost: 
3.6497859455572907e6
Initial cost: 
3.6612285262024524e6
Initial cost: 
3.6483433649121295e6
Initial cost: 
4.552894890110147e6
Initial cost: 
3.650088259029777e6
Initial cost: 
3.650186717853306e6
Initial cost: 
4.581726608792089e6
Initial cost: 
3.6897699953469117e6
Initial cost: 
3.6781286909990855e6
Initial cost: 
4.591027428283582e6
Initial cost: 
3.7617106264013615e6
Initial cost: 
4.652190990033689e6
Initial cost: 
3.6483433649121295e6
Initial cost: 
3.663453739538995e6
Initial cost: 
4.699552583075579e6
Initial cost: 
3.645404988061746e6
Initial cost: 
3.6591425770858936e6
Initial cost: 
3.6641104924640222e6
Initial cost: 
3.6629024125777897e6
Initial cost: 
3.817266652807175e6
Initial cost: 
4.654211684615573e6
Initial cost: 
3.6685412115911585e6
Initial cost: 
3.645404988061746e6
Initial cost: 
4.626137899404312e6
Initial cost: 
3.652007920031056e6
Initial cost: 
4.520114877813314e6
Initial cost: 
3.6436600939440993e6
Initial cost: 
3.642373696428571e6
Initial cost: 
3.643873696428571e6
Initial cost: 
3.653753832058941e6
Initial cost: 
3.6430949867511517e6
Initial cost: 
3.6581397016241574e6
Initial cost: 
3.642373696428571e6
Initial cost: 
3.698132442918135e6
Initial cost: 
3.6800840732929097e6
Initial cost: 
4.698558773135594e6
Initial cost: 
3.6432514184654457e6
Initial cost: 
4.683973234333954e6
Initial cost: 
4.6542578070347365e6
Initial cost: 
3.642573696428571e6
Initial cost: 
3.6550266539380713e6
Initial cost: 
3.6513085737245902e6
Initial cost: 
3.642373696428571e6
Initial cost: 
3.642373696428571e6
Initial cost: 
3.642373696428571e6
Initial cost: 
3.6462471924520712e6
Initial cost: 
4.616384230781251e6
Initial cost: 
3.7720374321241938e6
Initial cost: 
3.642373696428571e6
Initial cost: 
4.444481940150276e6
Initial cost: 
4.426289254478735e6
Initial cost: 
3.642373696428571e6
Initial cost: 
3.642373696428571e6
Initial cost: 
3.642373696428571e6
Initial cost: 
4.714597673031879e6
Initial cost: 
3.642373696428571e6
Initial cost: 
3.642373696428571e6
Initial cost: 
3.642573696428571e6
Initial cost: 
3.7404951150275175e6
Initial cost: 
3.655078535138248e6
Initial cost: 
3.7047330512672816e6
Initial cost: 
3.642373696428571e6
Initial cost: 
4.533793807236301e6
Initial cost: 
3.653753832058941e6
Initial cost: 
4.398908024600679e6
Initial cost: 
3.6503736964285714e6
Initial cost: 
3.731427167261306e6
Initial cost: 
4.715940989948653e6
Initial cost: 
3.7010008474864583e6
Initial cost: 
3.652073696428571e6
Initial cost: 
4.6717230946309455e6
And the cost is 
3.642373696428571e6