The instance : 2_30_5_10
#########################
New solution cost
3663200
Old best cost
1000000000
New best cost
3663200
#########################
New solution cost
3402290
Old best cost
3663200
New best cost
3402290
#########################
New solution cost
2851486
Old best cost
3402290
New best cost
2851486
#########################
New solution cost
2746640
Old best cost
2851486
New best cost
2746640
#########################
New solution cost
2645587
Old best cost
2746640
New best cost
2645587
And the cost is 
2645587